[ERROR] 2023-01-05 17:23:57,398 | Mars.Core.Executor.Implementation.StepExecutionUseCase - Specified argument was out of the range of valid values. (Parameter 'The coordinate (23, 502) is outside the raster data object of bounds (148 x 83) bounds and outside the geo bounding box Box[9.293913645, 54.457824784 : 10.037852223071999, 54.876702747018]!') 
[ERROR] 2023-01-05 17:23:57,411 | Mars.Core.Executor.Implementation.StepExecutionUseCase - Specified argument was out of the range of valid values. (Parameter 'The coordinate (46, 1004) is outside the raster data object of bounds (148 x 83) bounds and outside the geo bounding box Box[9.293913645, 54.457824784 : 10.037852223071999, 54.876702747018]!') 
[ERROR] 2023-01-05 17:23:57,412 | Mars.Core.Executor.Implementation.StepExecutionUseCase - Specified argument was out of the range of valid values. (Parameter 'The coordinate (69, 1506) is outside the raster data object of bounds (148 x 83) bounds and outside the geo bounding box Box[9.293913645, 54.457824784 : 10.037852223071999, 54.876702747018]!') 
[ERROR] 2023-01-05 17:23:57,413 | Mars.Core.Executor.Implementation.StepExecutionUseCase - Specified argument was out of the range of valid values. (Parameter 'The coordinate (92, 2008) is outside the raster data object of bounds (148 x 83) bounds and outside the geo bounding box Box[9.293913645, 54.457824784 : 10.037852223071999, 54.876702747018]!') 
[ERROR] 2023-01-05 17:23:57,413 | Mars.Core.Executor.Implementation.StepExecutionUseCase - Specified argument was out of the range of valid values. (Parameter 'The coordinate (115, 2510) is outside the raster data object of bounds (148 x 83) bounds and outside the geo bounding box Box[9.293913645, 54.457824784 : 10.037852223071999, 54.876702747018]!') 
[ERROR] 2023-01-05 17:23:57,414 | Mars.Core.Executor.Implementation.StepExecutionUseCase - Specified argument was out of the range of valid values. (Parameter 'The coordinate (138, 3012) is outside the raster data object of bounds (148 x 83) bounds and outside the geo bounding box Box[9.293913645, 54.457824784 : 10.037852223071999, 54.876702747018]!') 
[ERROR] 2023-01-05 17:23:57,415 | Mars.Core.Executor.Implementation.StepExecutionUseCase - Specified argument was out of the range of valid values. (Parameter 'The coordinate (161, 3514) is outside the raster data object of bounds (148 x 83) bounds and outside the geo bounding box Box[9.293913645, 54.457824784 : 10.037852223071999, 54.876702747018]!') 
[ERROR] 2023-01-05 17:23:57,415 | Mars.Core.Executor.Implementation.StepExecutionUseCase - Specified argument was out of the range of valid values. (Parameter 'The coordinate (184, 4016) is outside the raster data object of bounds (148 x 83) bounds and outside the geo bounding box Box[9.293913645, 54.457824784 : 10.037852223071999, 54.876702747018]!') 
[ERROR] 2023-01-05 17:23:57,416 | Mars.Core.Executor.Implementation.StepExecutionUseCase - Specified argument was out of the range of valid values. (Parameter 'The coordinate (207, 4518) is outside the raster data object of bounds (148 x 83) bounds and outside the geo bounding box Box[9.293913645, 54.457824784 : 10.037852223071999, 54.876702747018]!') 
[ERROR] 2023-01-05 17:23:57,416 | Mars.Core.Executor.Implementation.StepExecutionUseCase - Specified argument was out of the range of valid values. (Parameter 'The coordinate (230, 5020) is outside the raster data object of bounds (148 x 83) bounds and outside the geo bounding box Box[9.293913645, 54.457824784 : 10.037852223071999, 54.876702747018]!') 
[ERROR] 2023-01-05 17:23:57,417 | Mars.Core.Executor.Implementation.StepExecutionUseCase - Specified argument was out of the range of valid values. (Parameter 'The coordinate (253, 5522) is outside the raster data object of bounds (148 x 83) bounds and outside the geo bounding box Box[9.293913645, 54.457824784 : 10.037852223071999, 54.876702747018]!') 
[ERROR] 2023-01-05 17:23:57,417 | Mars.Core.Executor.Implementation.StepExecutionUseCase - Specified argument was out of the range of valid values. (Parameter 'The coordinate (276, 6024) is outside the raster data object of bounds (148 x 83) bounds and outside the geo bounding box Box[9.293913645, 54.457824784 : 10.037852223071999, 54.876702747018]!') 
[ERROR] 2023-01-05 17:23:57,418 | Mars.Core.Executor.Implementation.StepExecutionUseCase - Specified argument was out of the range of valid values. (Parameter 'The coordinate (299, 6526) is outside the raster data object of bounds (148 x 83) bounds and outside the geo bounding box Box[9.293913645, 54.457824784 : 10.037852223071999, 54.876702747018]!') 
[ERROR] 2023-01-05 17:23:57,418 | Mars.Core.Executor.Implementation.StepExecutionUseCase - Specified argument was out of the range of valid values. (Parameter 'The coordinate (322, 7028) is outside the raster data object of bounds (148 x 83) bounds and outside the geo bounding box Box[9.293913645, 54.457824784 : 10.037852223071999, 54.876702747018]!') 
[ERROR] 2023-01-05 17:23:57,419 | Mars.Core.Executor.Implementation.StepExecutionUseCase - Specified argument was out of the range of valid values. (Parameter 'The coordinate (345, 7530) is outside the raster data object of bounds (148 x 83) bounds and outside the geo bounding box Box[9.293913645, 54.457824784 : 10.037852223071999, 54.876702747018]!') 
[ERROR] 2023-01-05 17:23:57,419 | Mars.Core.Executor.Implementation.StepExecutionUseCase - Specified argument was out of the range of valid values. (Parameter 'The coordinate (368, 8032) is outside the raster data object of bounds (148 x 83) bounds and outside the geo bounding box Box[9.293913645, 54.457824784 : 10.037852223071999, 54.876702747018]!') 
[ERROR] 2023-01-05 17:23:57,420 | Mars.Core.Executor.Implementation.StepExecutionUseCase - Specified argument was out of the range of valid values. (Parameter 'The coordinate (391, 8534) is outside the raster data object of bounds (148 x 83) bounds and outside the geo bounding box Box[9.293913645, 54.457824784 : 10.037852223071999, 54.876702747018]!') 
[ERROR] 2023-01-05 17:23:57,421 | Mars.Core.Executor.Implementation.StepExecutionUseCase - Specified argument was out of the range of valid values. (Parameter 'The coordinate (414, 9036) is outside the raster data object of bounds (148 x 83) bounds and outside the geo bounding box Box[9.293913645, 54.457824784 : 10.037852223071999, 54.876702747018]!') 
[ERROR] 2023-01-05 17:23:57,421 | Mars.Core.Executor.Implementation.StepExecutionUseCase - Specified argument was out of the range of valid values. (Parameter 'The coordinate (437, 9538) is outside the raster data object of bounds (148 x 83) bounds and outside the geo bounding box Box[9.293913645, 54.457824784 : 10.037852223071999, 54.876702747018]!') 
[ERROR] 2023-01-05 17:23:57,422 | Mars.Core.Executor.Implementation.StepExecutionUseCase - Specified argument was out of the range of valid values. (Parameter 'The coordinate (460, 10040) is outside the raster data object of bounds (148 x 83) bounds and outside the geo bounding box Box[9.293913645, 54.457824784 : 10.037852223071999, 54.876702747018]!') 
[ERROR] 2023-01-05 17:23:57,422 | Mars.Core.Executor.Implementation.StepExecutionUseCase - Specified argument was out of the range of valid values. (Parameter 'The coordinate (483, 10542) is outside the raster data object of bounds (148 x 83) bounds and outside the geo bounding box Box[9.293913645, 54.457824784 : 10.037852223071999, 54.876702747018]!') 
[ERROR] 2023-01-05 17:23:57,423 | Mars.Core.Executor.Implementation.StepExecutionUseCase - Specified argument was out of the range of valid values. (Parameter 'The coordinate (506, 11044) is outside the raster data object of bounds (148 x 83) bounds and outside the geo bounding box Box[9.293913645, 54.457824784 : 10.037852223071999, 54.876702747018]!') 
[ERROR] 2023-01-05 17:23:57,423 | Mars.Core.Executor.Implementation.StepExecutionUseCase - Specified argument was out of the range of valid values. (Parameter 'The coordinate (529, 11546) is outside the raster data object of bounds (148 x 83) bounds and outside the geo bounding box Box[9.293913645, 54.457824784 : 10.037852223071999, 54.876702747018]!') 
[ERROR] 2023-01-05 17:23:57,424 | Mars.Core.Executor.Implementation.StepExecutionUseCase - Specified argument was out of the range of valid values. (Parameter 'The coordinate (552, 12048) is outside the raster data object of bounds (148 x 83) bounds and outside the geo bounding box Box[9.293913645, 54.457824784 : 10.037852223071999, 54.876702747018]!') 
[ERROR] 2023-01-05 17:23:57,424 | Mars.Core.Executor.Implementation.StepExecutionUseCase - Specified argument was out of the range of valid values. (Parameter 'The coordinate (575, 12550) is outside the raster data object of bounds (148 x 83) bounds and outside the geo bounding box Box[9.293913645, 54.457824784 : 10.037852223071999, 54.876702747018]!') 
[ERROR] 2023-01-05 17:23:57,425 | Mars.Core.Executor.Implementation.StepExecutionUseCase - Specified argument was out of the range of valid values. (Parameter 'The coordinate (598, 13052) is outside the raster data object of bounds (148 x 83) bounds and outside the geo bounding box Box[9.293913645, 54.457824784 : 10.037852223071999, 54.876702747018]!') 
[ERROR] 2023-01-05 17:23:57,426 | Mars.Core.Executor.Implementation.StepExecutionUseCase - Specified argument was out of the range of valid values. (Parameter 'The coordinate (621, 13554) is outside the raster data object of bounds (148 x 83) bounds and outside the geo bounding box Box[9.293913645, 54.457824784 : 10.037852223071999, 54.876702747018]!') 
[ERROR] 2023-01-05 17:23:57,426 | Mars.Core.Executor.Implementation.StepExecutionUseCase - Specified argument was out of the range of valid values. (Parameter 'The coordinate (644, 14056) is outside the raster data object of bounds (148 x 83) bounds and outside the geo bounding box Box[9.293913645, 54.457824784 : 10.037852223071999, 54.876702747018]!') 
[ERROR] 2023-01-05 17:23:57,427 | Mars.Core.Executor.Implementation.StepExecutionUseCase - Specified argument was out of the range of valid values. (Parameter 'The coordinate (667, 14558) is outside the raster data object of bounds (148 x 83) bounds and outside the geo bounding box Box[9.293913645, 54.457824784 : 10.037852223071999, 54.876702747018]!') 
[ERROR] 2023-01-05 17:23:57,427 | Mars.Core.Executor.Implementation.StepExecutionUseCase - Specified argument was out of the range of valid values. (Parameter 'The coordinate (690, 15060) is outside the raster data object of bounds (148 x 83) bounds and outside the geo bounding box Box[9.293913645, 54.457824784 : 10.037852223071999, 54.876702747018]!') 
[ERROR] 2023-01-05 17:23:57,428 | Mars.Core.Executor.Implementation.StepExecutionUseCase - Specified argument was out of the range of valid values. (Parameter 'The coordinate (713, 15562) is outside the raster data object of bounds (148 x 83) bounds and outside the geo bounding box Box[9.293913645, 54.457824784 : 10.037852223071999, 54.876702747018]!') 
[ERROR] 2023-01-05 17:23:57,428 | Mars.Core.Executor.Implementation.StepExecutionUseCase - Specified argument was out of the range of valid values. (Parameter 'The coordinate (736, 16064) is outside the raster data object of bounds (148 x 83) bounds and outside the geo bounding box Box[9.293913645, 54.457824784 : 10.037852223071999, 54.876702747018]!') 
[ERROR] 2023-01-05 17:23:57,429 | Mars.Core.Executor.Implementation.StepExecutionUseCase - Specified argument was out of the range of valid values. (Parameter 'The coordinate (759, 16566) is outside the raster data object of bounds (148 x 83) bounds and outside the geo bounding box Box[9.293913645, 54.457824784 : 10.037852223071999, 54.876702747018]!') 
[ERROR] 2023-01-05 17:23:57,429 | Mars.Core.Executor.Implementation.StepExecutionUseCase - Specified argument was out of the range of valid values. (Parameter 'The coordinate (782, 17068) is outside the raster data object of bounds (148 x 83) bounds and outside the geo bounding box Box[9.293913645, 54.457824784 : 10.037852223071999, 54.876702747018]!') 
[ERROR] 2023-01-05 17:23:57,430 | Mars.Core.Executor.Implementation.StepExecutionUseCase - Specified argument was out of the range of valid values. (Parameter 'The coordinate (805, 17570) is outside the raster data object of bounds (148 x 83) bounds and outside the geo bounding box Box[9.293913645, 54.457824784 : 10.037852223071999, 54.876702747018]!') 
[ERROR] 2023-01-05 17:23:57,430 | Mars.Core.Executor.Implementation.StepExecutionUseCase - Specified argument was out of the range of valid values. (Parameter 'The coordinate (828, 18072) is outside the raster data object of bounds (148 x 83) bounds and outside the geo bounding box Box[9.293913645, 54.457824784 : 10.037852223071999, 54.876702747018]!') 
[ERROR] 2023-01-05 17:23:57,431 | Mars.Core.Executor.Implementation.StepExecutionUseCase - Specified argument was out of the range of valid values. (Parameter 'The coordinate (851, 18574) is outside the raster data object of bounds (148 x 83) bounds and outside the geo bounding box Box[9.293913645, 54.457824784 : 10.037852223071999, 54.876702747018]!') 
[ERROR] 2023-01-05 17:23:57,431 | Mars.Core.Executor.Implementation.StepExecutionUseCase - Specified argument was out of the range of valid values. (Parameter 'The coordinate (874, 19076) is outside the raster data object of bounds (148 x 83) bounds and outside the geo bounding box Box[9.293913645, 54.457824784 : 10.037852223071999, 54.876702747018]!') 
[ERROR] 2023-01-05 17:23:57,432 | Mars.Core.Executor.Implementation.StepExecutionUseCase - Specified argument was out of the range of valid values. (Parameter 'The coordinate (897, 19578) is outside the raster data object of bounds (148 x 83) bounds and outside the geo bounding box Box[9.293913645, 54.457824784 : 10.037852223071999, 54.876702747018]!') 
[ERROR] 2023-01-05 17:23:57,432 | Mars.Core.Executor.Implementation.StepExecutionUseCase - Specified argument was out of the range of valid values. (Parameter 'The coordinate (920, 20080) is outside the raster data object of bounds (148 x 83) bounds and outside the geo bounding box Box[9.293913645, 54.457824784 : 10.037852223071999, 54.876702747018]!') 
[ERROR] 2023-01-05 17:23:57,433 | Mars.Core.Executor.Implementation.StepExecutionUseCase - Specified argument was out of the range of valid values. (Parameter 'The coordinate (943, 20582) is outside the raster data object of bounds (148 x 83) bounds and outside the geo bounding box Box[9.293913645, 54.457824784 : 10.037852223071999, 54.876702747018]!') 
[ERROR] 2023-01-05 17:23:57,433 | Mars.Core.Executor.Implementation.StepExecutionUseCase - Specified argument was out of the range of valid values. (Parameter 'The coordinate (966, 21084) is outside the raster data object of bounds (148 x 83) bounds and outside the geo bounding box Box[9.293913645, 54.457824784 : 10.037852223071999, 54.876702747018]!') 
[ERROR] 2023-01-05 17:23:57,434 | Mars.Core.Executor.Implementation.StepExecutionUseCase - Specified argument was out of the range of valid values. (Parameter 'The coordinate (989, 21586) is outside the raster data object of bounds (148 x 83) bounds and outside the geo bounding box Box[9.293913645, 54.457824784 : 10.037852223071999, 54.876702747018]!') 
[ERROR] 2023-01-05 17:23:57,434 | Mars.Core.Executor.Implementation.StepExecutionUseCase - Specified argument was out of the range of valid values. (Parameter 'The coordinate (1012, 22088) is outside the raster data object of bounds (148 x 83) bounds and outside the geo bounding box Box[9.293913645, 54.457824784 : 10.037852223071999, 54.876702747018]!') 
[ERROR] 2023-01-05 17:23:57,435 | Mars.Core.Executor.Implementation.StepExecutionUseCase - Specified argument was out of the range of valid values. (Parameter 'The coordinate (1035, 22590) is outside the raster data object of bounds (148 x 83) bounds and outside the geo bounding box Box[9.293913645, 54.457824784 : 10.037852223071999, 54.876702747018]!') 
[ERROR] 2023-01-05 17:23:57,435 | Mars.Core.Executor.Implementation.StepExecutionUseCase - Specified argument was out of the range of valid values. (Parameter 'The coordinate (1058, 23092) is outside the raster data object of bounds (148 x 83) bounds and outside the geo bounding box Box[9.293913645, 54.457824784 : 10.037852223071999, 54.876702747018]!') 
[ERROR] 2023-01-05 17:23:57,436 | Mars.Core.Executor.Implementation.StepExecutionUseCase - Specified argument was out of the range of valid values. (Parameter 'The coordinate (1081, 23594) is outside the raster data object of bounds (148 x 83) bounds and outside the geo bounding box Box[9.293913645, 54.457824784 : 10.037852223071999, 54.876702747018]!') 
[ERROR] 2023-01-05 17:23:57,436 | Mars.Core.Executor.Implementation.StepExecutionUseCase - Specified argument was out of the range of valid values. (Parameter 'The coordinate (1104, 24096) is outside the raster data object of bounds (148 x 83) bounds and outside the geo bounding box Box[9.293913645, 54.457824784 : 10.037852223071999, 54.876702747018]!') 
[ERROR] 2023-01-05 17:23:57,437 | Mars.Core.Executor.Implementation.StepExecutionUseCase - Specified argument was out of the range of valid values. (Parameter 'The coordinate (1127, 24598) is outside the raster data object of bounds (148 x 83) bounds and outside the geo bounding box Box[9.293913645, 54.457824784 : 10.037852223071999, 54.876702747018]!') 
[ERROR] 2023-01-05 17:23:57,437 | Mars.Core.Executor.Implementation.StepExecutionUseCase - Specified argument was out of the range of valid values. (Parameter 'The coordinate (1150, 25100) is outside the raster data object of bounds (148 x 83) bounds and outside the geo bounding box Box[9.293913645, 54.457824784 : 10.037852223071999, 54.876702747018]!') 
[ERROR] 2023-01-05 17:23:57,438 | Mars.Core.Executor.Implementation.StepExecutionUseCase - Specified argument was out of the range of valid values. (Parameter 'The coordinate (1173, 25602) is outside the raster data object of bounds (148 x 83) bounds and outside the geo bounding box Box[9.293913645, 54.457824784 : 10.037852223071999, 54.876702747018]!') 
[ERROR] 2023-01-05 17:23:57,438 | Mars.Core.Executor.Implementation.StepExecutionUseCase - Specified argument was out of the range of valid values. (Parameter 'The coordinate (1196, 26104) is outside the raster data object of bounds (148 x 83) bounds and outside the geo bounding box Box[9.293913645, 54.457824784 : 10.037852223071999, 54.876702747018]!') 
[ERROR] 2023-01-05 17:23:57,439 | Mars.Core.Executor.Implementation.StepExecutionUseCase - Specified argument was out of the range of valid values. (Parameter 'The coordinate (1219, 26606) is outside the raster data object of bounds (148 x 83) bounds and outside the geo bounding box Box[9.293913645, 54.457824784 : 10.037852223071999, 54.876702747018]!') 
[ERROR] 2023-01-05 17:23:57,439 | Mars.Core.Executor.Implementation.StepExecutionUseCase - Specified argument was out of the range of valid values. (Parameter 'The coordinate (1242, 27108) is outside the raster data object of bounds (148 x 83) bounds and outside the geo bounding box Box[9.293913645, 54.457824784 : 10.037852223071999, 54.876702747018]!') 
[ERROR] 2023-01-05 17:23:57,440 | Mars.Core.Executor.Implementation.StepExecutionUseCase - Specified argument was out of the range of valid values. (Parameter 'The coordinate (1265, 27610) is outside the raster data object of bounds (148 x 83) bounds and outside the geo bounding box Box[9.293913645, 54.457824784 : 10.037852223071999, 54.876702747018]!') 
[ERROR] 2023-01-05 17:23:57,441 | Mars.Core.Executor.Implementation.StepExecutionUseCase - Specified argument was out of the range of valid values. (Parameter 'The coordinate (1288, 28112) is outside the raster data object of bounds (148 x 83) bounds and outside the geo bounding box Box[9.293913645, 54.457824784 : 10.037852223071999, 54.876702747018]!') 
[ERROR] 2023-01-05 17:23:57,441 | Mars.Core.Executor.Implementation.StepExecutionUseCase - Specified argument was out of the range of valid values. (Parameter 'The coordinate (1311, 28614) is outside the raster data object of bounds (148 x 83) bounds and outside the geo bounding box Box[9.293913645, 54.457824784 : 10.037852223071999, 54.876702747018]!') 
[ERROR] 2023-01-05 17:23:57,442 | Mars.Core.Executor.Implementation.StepExecutionUseCase - Specified argument was out of the range of valid values. (Parameter 'The coordinate (1334, 29116) is outside the raster data object of bounds (148 x 83) bounds and outside the geo bounding box Box[9.293913645, 54.457824784 : 10.037852223071999, 54.876702747018]!') 
[ERROR] 2023-01-05 17:23:57,443 | Mars.Core.Executor.Implementation.StepExecutionUseCase - Specified argument was out of the range of valid values. (Parameter 'The coordinate (1357, 29618) is outside the raster data object of bounds (148 x 83) bounds and outside the geo bounding box Box[9.293913645, 54.457824784 : 10.037852223071999, 54.876702747018]!') 
[ERROR] 2023-01-05 17:23:57,443 | Mars.Core.Executor.Implementation.StepExecutionUseCase - Specified argument was out of the range of valid values. (Parameter 'The coordinate (1380, 30120) is outside the raster data object of bounds (148 x 83) bounds and outside the geo bounding box Box[9.293913645, 54.457824784 : 10.037852223071999, 54.876702747018]!') 
[ERROR] 2023-01-05 17:23:57,444 | Mars.Core.Executor.Implementation.StepExecutionUseCase - Specified argument was out of the range of valid values. (Parameter 'The coordinate (1403, 30622) is outside the raster data object of bounds (148 x 83) bounds and outside the geo bounding box Box[9.293913645, 54.457824784 : 10.037852223071999, 54.876702747018]!') 
[ERROR] 2023-01-05 17:23:57,444 | Mars.Core.Executor.Implementation.StepExecutionUseCase - Specified argument was out of the range of valid values. (Parameter 'The coordinate (1426, 31124) is outside the raster data object of bounds (148 x 83) bounds and outside the geo bounding box Box[9.293913645, 54.457824784 : 10.037852223071999, 54.876702747018]!') 
[ERROR] 2023-01-05 17:23:57,445 | Mars.Core.Executor.Implementation.StepExecutionUseCase - Specified argument was out of the range of valid values. (Parameter 'The coordinate (1449, 31626) is outside the raster data object of bounds (148 x 83) bounds and outside the geo bounding box Box[9.293913645, 54.457824784 : 10.037852223071999, 54.876702747018]!') 
[ERROR] 2023-01-05 17:23:57,445 | Mars.Core.Executor.Implementation.StepExecutionUseCase - Specified argument was out of the range of valid values. (Parameter 'The coordinate (1472, 32128) is outside the raster data object of bounds (148 x 83) bounds and outside the geo bounding box Box[9.293913645, 54.457824784 : 10.037852223071999, 54.876702747018]!') 
[ERROR] 2023-01-05 17:23:57,446 | Mars.Core.Executor.Implementation.StepExecutionUseCase - Specified argument was out of the range of valid values. (Parameter 'The coordinate (1495, 32630) is outside the raster data object of bounds (148 x 83) bounds and outside the geo bounding box Box[9.293913645, 54.457824784 : 10.037852223071999, 54.876702747018]!') 
[ERROR] 2023-01-05 17:23:57,446 | Mars.Core.Executor.Implementation.StepExecutionUseCase - Specified argument was out of the range of valid values. (Parameter 'The coordinate (1518, 33132) is outside the raster data object of bounds (148 x 83) bounds and outside the geo bounding box Box[9.293913645, 54.457824784 : 10.037852223071999, 54.876702747018]!') 
[ERROR] 2023-01-05 17:23:57,447 | Mars.Core.Executor.Implementation.StepExecutionUseCase - Specified argument was out of the range of valid values. (Parameter 'The coordinate (1541, 33634) is outside the raster data object of bounds (148 x 83) bounds and outside the geo bounding box Box[9.293913645, 54.457824784 : 10.037852223071999, 54.876702747018]!') 
[ERROR] 2023-01-05 17:23:57,447 | Mars.Core.Executor.Implementation.StepExecutionUseCase - Specified argument was out of the range of valid values. (Parameter 'The coordinate (1564, 34136) is outside the raster data object of bounds (148 x 83) bounds and outside the geo bounding box Box[9.293913645, 54.457824784 : 10.037852223071999, 54.876702747018]!') 
[ERROR] 2023-01-05 17:23:57,448 | Mars.Core.Executor.Implementation.StepExecutionUseCase - Specified argument was out of the range of valid values. (Parameter 'The coordinate (1587, 34638) is outside the raster data object of bounds (148 x 83) bounds and outside the geo bounding box Box[9.293913645, 54.457824784 : 10.037852223071999, 54.876702747018]!') 
[ERROR] 2023-01-05 17:23:57,448 | Mars.Core.Executor.Implementation.StepExecutionUseCase - Specified argument was out of the range of valid values. (Parameter 'The coordinate (1610, 35140) is outside the raster data object of bounds (148 x 83) bounds and outside the geo bounding box Box[9.293913645, 54.457824784 : 10.037852223071999, 54.876702747018]!') 
[ERROR] 2023-01-05 17:23:57,449 | Mars.Core.Executor.Implementation.StepExecutionUseCase - Specified argument was out of the range of valid values. (Parameter 'The coordinate (1633, 35642) is outside the raster data object of bounds (148 x 83) bounds and outside the geo bounding box Box[9.293913645, 54.457824784 : 10.037852223071999, 54.876702747018]!') 
[ERROR] 2023-01-05 17:23:57,449 | Mars.Core.Executor.Implementation.StepExecutionUseCase - Specified argument was out of the range of valid values. (Parameter 'The coordinate (1656, 36144) is outside the raster data object of bounds (148 x 83) bounds and outside the geo bounding box Box[9.293913645, 54.457824784 : 10.037852223071999, 54.876702747018]!') 
[ERROR] 2023-01-05 17:23:57,450 | Mars.Core.Executor.Implementation.StepExecutionUseCase - Specified argument was out of the range of valid values. (Parameter 'The coordinate (1679, 36646) is outside the raster data object of bounds (148 x 83) bounds and outside the geo bounding box Box[9.293913645, 54.457824784 : 10.037852223071999, 54.876702747018]!') 
[ERROR] 2023-01-05 17:23:57,450 | Mars.Core.Executor.Implementation.StepExecutionUseCase - Specified argument was out of the range of valid values. (Parameter 'The coordinate (1702, 37148) is outside the raster data object of bounds (148 x 83) bounds and outside the geo bounding box Box[9.293913645, 54.457824784 : 10.037852223071999, 54.876702747018]!') 
[ERROR] 2023-01-05 17:23:57,451 | Mars.Core.Executor.Implementation.StepExecutionUseCase - Specified argument was out of the range of valid values. (Parameter 'The coordinate (1725, 37650) is outside the raster data object of bounds (148 x 83) bounds and outside the geo bounding box Box[9.293913645, 54.457824784 : 10.037852223071999, 54.876702747018]!') 
[ERROR] 2023-01-05 17:23:57,451 | Mars.Core.Executor.Implementation.StepExecutionUseCase - Specified argument was out of the range of valid values. (Parameter 'The coordinate (1748, 38152) is outside the raster data object of bounds (148 x 83) bounds and outside the geo bounding box Box[9.293913645, 54.457824784 : 10.037852223071999, 54.876702747018]!') 
[ERROR] 2023-01-05 17:23:57,452 | Mars.Core.Executor.Implementation.StepExecutionUseCase - Specified argument was out of the range of valid values. (Parameter 'The coordinate (1771, 38654) is outside the raster data object of bounds (148 x 83) bounds and outside the geo bounding box Box[9.293913645, 54.457824784 : 10.037852223071999, 54.876702747018]!') 
[ERROR] 2023-01-05 17:23:57,452 | Mars.Core.Executor.Implementation.StepExecutionUseCase - Specified argument was out of the range of valid values. (Parameter 'The coordinate (1794, 39156) is outside the raster data object of bounds (148 x 83) bounds and outside the geo bounding box Box[9.293913645, 54.457824784 : 10.037852223071999, 54.876702747018]!') 
[ERROR] 2023-01-05 17:23:57,453 | Mars.Core.Executor.Implementation.StepExecutionUseCase - Specified argument was out of the range of valid values. (Parameter 'The coordinate (1817, 39658) is outside the raster data object of bounds (148 x 83) bounds and outside the geo bounding box Box[9.293913645, 54.457824784 : 10.037852223071999, 54.876702747018]!') 
[ERROR] 2023-01-05 17:23:57,453 | Mars.Core.Executor.Implementation.StepExecutionUseCase - Specified argument was out of the range of valid values. (Parameter 'The coordinate (1840, 40160) is outside the raster data object of bounds (148 x 83) bounds and outside the geo bounding box Box[9.293913645, 54.457824784 : 10.037852223071999, 54.876702747018]!') 
[ERROR] 2023-01-05 17:23:57,454 | Mars.Core.Executor.Implementation.StepExecutionUseCase - Specified argument was out of the range of valid values. (Parameter 'The coordinate (1863, 40662) is outside the raster data object of bounds (148 x 83) bounds and outside the geo bounding box Box[9.293913645, 54.457824784 : 10.037852223071999, 54.876702747018]!') 
[ERROR] 2023-01-05 17:23:57,454 | Mars.Core.Executor.Implementation.StepExecutionUseCase - Specified argument was out of the range of valid values. (Parameter 'The coordinate (1886, 41164) is outside the raster data object of bounds (148 x 83) bounds and outside the geo bounding box Box[9.293913645, 54.457824784 : 10.037852223071999, 54.876702747018]!') 
[ERROR] 2023-01-05 17:23:57,455 | Mars.Core.Executor.Implementation.StepExecutionUseCase - Specified argument was out of the range of valid values. (Parameter 'The coordinate (1909, 41666) is outside the raster data object of bounds (148 x 83) bounds and outside the geo bounding box Box[9.293913645, 54.457824784 : 10.037852223071999, 54.876702747018]!') 
[ERROR] 2023-01-05 17:23:57,456 | Mars.Core.Executor.Implementation.StepExecutionUseCase - Specified argument was out of the range of valid values. (Parameter 'The coordinate (1932, 42168) is outside the raster data object of bounds (148 x 83) bounds and outside the geo bounding box Box[9.293913645, 54.457824784 : 10.037852223071999, 54.876702747018]!') 
[ERROR] 2023-01-05 17:23:57,456 | Mars.Core.Executor.Implementation.StepExecutionUseCase - Specified argument was out of the range of valid values. (Parameter 'The coordinate (1955, 42670) is outside the raster data object of bounds (148 x 83) bounds and outside the geo bounding box Box[9.293913645, 54.457824784 : 10.037852223071999, 54.876702747018]!') 
[ERROR] 2023-01-05 17:23:57,457 | Mars.Core.Executor.Implementation.StepExecutionUseCase - Specified argument was out of the range of valid values. (Parameter 'The coordinate (1978, 43172) is outside the raster data object of bounds (148 x 83) bounds and outside the geo bounding box Box[9.293913645, 54.457824784 : 10.037852223071999, 54.876702747018]!') 
[ERROR] 2023-01-05 17:23:57,457 | Mars.Core.Executor.Implementation.StepExecutionUseCase - Specified argument was out of the range of valid values. (Parameter 'The coordinate (2001, 43674) is outside the raster data object of bounds (148 x 83) bounds and outside the geo bounding box Box[9.293913645, 54.457824784 : 10.037852223071999, 54.876702747018]!') 
[ERROR] 2023-01-05 17:23:57,458 | Mars.Core.Executor.Implementation.StepExecutionUseCase - Specified argument was out of the range of valid values. (Parameter 'The coordinate (2024, 44176) is outside the raster data object of bounds (148 x 83) bounds and outside the geo bounding box Box[9.293913645, 54.457824784 : 10.037852223071999, 54.876702747018]!') 
[ERROR] 2023-01-05 17:23:57,458 | Mars.Core.Executor.Implementation.StepExecutionUseCase - Specified argument was out of the range of valid values. (Parameter 'The coordinate (2047, 44678) is outside the raster data object of bounds (148 x 83) bounds and outside the geo bounding box Box[9.293913645, 54.457824784 : 10.037852223071999, 54.876702747018]!') 
[ERROR] 2023-01-05 17:23:57,459 | Mars.Core.Executor.Implementation.StepExecutionUseCase - Specified argument was out of the range of valid values. (Parameter 'The coordinate (2070, 45180) is outside the raster data object of bounds (148 x 83) bounds and outside the geo bounding box Box[9.293913645, 54.457824784 : 10.037852223071999, 54.876702747018]!') 
[ERROR] 2023-01-05 17:23:57,460 | Mars.Core.Executor.Implementation.StepExecutionUseCase - Specified argument was out of the range of valid values. (Parameter 'The coordinate (2093, 45682) is outside the raster data object of bounds (148 x 83) bounds and outside the geo bounding box Box[9.293913645, 54.457824784 : 10.037852223071999, 54.876702747018]!') 
[ERROR] 2023-01-05 17:23:57,460 | Mars.Core.Executor.Implementation.StepExecutionUseCase - Specified argument was out of the range of valid values. (Parameter 'The coordinate (2116, 46184) is outside the raster data object of bounds (148 x 83) bounds and outside the geo bounding box Box[9.293913645, 54.457824784 : 10.037852223071999, 54.876702747018]!') 
[ERROR] 2023-01-05 17:23:57,461 | Mars.Core.Executor.Implementation.StepExecutionUseCase - Specified argument was out of the range of valid values. (Parameter 'The coordinate (2139, 46686) is outside the raster data object of bounds (148 x 83) bounds and outside the geo bounding box Box[9.293913645, 54.457824784 : 10.037852223071999, 54.876702747018]!') 
[ERROR] 2023-01-05 17:23:57,461 | Mars.Core.Executor.Implementation.StepExecutionUseCase - Specified argument was out of the range of valid values. (Parameter 'The coordinate (2162, 47188) is outside the raster data object of bounds (148 x 83) bounds and outside the geo bounding box Box[9.293913645, 54.457824784 : 10.037852223071999, 54.876702747018]!') 
[ERROR] 2023-01-05 17:23:57,462 | Mars.Core.Executor.Implementation.StepExecutionUseCase - Specified argument was out of the range of valid values. (Parameter 'The coordinate (2185, 47690) is outside the raster data object of bounds (148 x 83) bounds and outside the geo bounding box Box[9.293913645, 54.457824784 : 10.037852223071999, 54.876702747018]!') 
[ERROR] 2023-01-05 17:23:57,462 | Mars.Core.Executor.Implementation.StepExecutionUseCase - Specified argument was out of the range of valid values. (Parameter 'The coordinate (2208, 48192) is outside the raster data object of bounds (148 x 83) bounds and outside the geo bounding box Box[9.293913645, 54.457824784 : 10.037852223071999, 54.876702747018]!') 
[ERROR] 2023-01-05 17:23:57,463 | Mars.Core.Executor.Implementation.StepExecutionUseCase - Specified argument was out of the range of valid values. (Parameter 'The coordinate (2231, 48694) is outside the raster data object of bounds (148 x 83) bounds and outside the geo bounding box Box[9.293913645, 54.457824784 : 10.037852223071999, 54.876702747018]!') 
[ERROR] 2023-01-05 17:23:57,463 | Mars.Core.Executor.Implementation.StepExecutionUseCase - Specified argument was out of the range of valid values. (Parameter 'The coordinate (2254, 49196) is outside the raster data object of bounds (148 x 83) bounds and outside the geo bounding box Box[9.293913645, 54.457824784 : 10.037852223071999, 54.876702747018]!') 
[ERROR] 2023-01-05 17:23:57,464 | Mars.Core.Executor.Implementation.StepExecutionUseCase - Specified argument was out of the range of valid values. (Parameter 'The coordinate (2277, 49698) is outside the raster data object of bounds (148 x 83) bounds and outside the geo bounding box Box[9.293913645, 54.457824784 : 10.037852223071999, 54.876702747018]!') 
[ERROR] 2023-01-05 17:23:57,464 | Mars.Core.Executor.Implementation.StepExecutionUseCase - Specified argument was out of the range of valid values. (Parameter 'The coordinate (2300, 50200) is outside the raster data object of bounds (148 x 83) bounds and outside the geo bounding box Box[9.293913645, 54.457824784 : 10.037852223071999, 54.876702747018]!') 
[ERROR] 2023-01-05 17:23:57,465 | Mars.Core.Executor.Implementation.StepExecutionUseCase - Specified argument was out of the range of valid values. (Parameter 'The coordinate (2323, 50702) is outside the raster data object of bounds (148 x 83) bounds and outside the geo bounding box Box[9.293913645, 54.457824784 : 10.037852223071999, 54.876702747018]!') 
[ERROR] 2023-01-05 17:23:57,465 | Mars.Core.Executor.Implementation.StepExecutionUseCase - Specified argument was out of the range of valid values. (Parameter 'The coordinate (2346, 51204) is outside the raster data object of bounds (148 x 83) bounds and outside the geo bounding box Box[9.293913645, 54.457824784 : 10.037852223071999, 54.876702747018]!') 
[ERROR] 2023-01-05 17:23:57,466 | Mars.Core.Executor.Implementation.StepExecutionUseCase - Specified argument was out of the range of valid values. (Parameter 'The coordinate (2369, 51706) is outside the raster data object of bounds (148 x 83) bounds and outside the geo bounding box Box[9.293913645, 54.457824784 : 10.037852223071999, 54.876702747018]!') 
[ERROR] 2023-01-05 17:23:57,466 | Mars.Core.Executor.Implementation.StepExecutionUseCase - Specified argument was out of the range of valid values. (Parameter 'The coordinate (2392, 52208) is outside the raster data object of bounds (148 x 83) bounds and outside the geo bounding box Box[9.293913645, 54.457824784 : 10.037852223071999, 54.876702747018]!') 
[ERROR] 2023-01-05 17:23:57,467 | Mars.Core.Executor.Implementation.StepExecutionUseCase - Specified argument was out of the range of valid values. (Parameter 'The coordinate (2415, 52710) is outside the raster data object of bounds (148 x 83) bounds and outside the geo bounding box Box[9.293913645, 54.457824784 : 10.037852223071999, 54.876702747018]!') 
[ERROR] 2023-01-05 17:23:57,468 | Mars.Core.Executor.Implementation.StepExecutionUseCase - Specified argument was out of the range of valid values. (Parameter 'The coordinate (2438, 53212) is outside the raster data object of bounds (148 x 83) bounds and outside the geo bounding box Box[9.293913645, 54.457824784 : 10.037852223071999, 54.876702747018]!') 
[ERROR] 2023-01-05 17:23:57,468 | Mars.Core.Executor.Implementation.StepExecutionUseCase - Specified argument was out of the range of valid values. (Parameter 'The coordinate (2461, 53714) is outside the raster data object of bounds (148 x 83) bounds and outside the geo bounding box Box[9.293913645, 54.457824784 : 10.037852223071999, 54.876702747018]!') 
[ERROR] 2023-01-05 17:23:57,469 | Mars.Core.Executor.Implementation.StepExecutionUseCase - Specified argument was out of the range of valid values. (Parameter 'The coordinate (2484, 54216) is outside the raster data object of bounds (148 x 83) bounds and outside the geo bounding box Box[9.293913645, 54.457824784 : 10.037852223071999, 54.876702747018]!') 
[ERROR] 2023-01-05 17:23:57,469 | Mars.Core.Executor.Implementation.StepExecutionUseCase - Specified argument was out of the range of valid values. (Parameter 'The coordinate (2507, 54718) is outside the raster data object of bounds (148 x 83) bounds and outside the geo bounding box Box[9.293913645, 54.457824784 : 10.037852223071999, 54.876702747018]!') 
[ERROR] 2023-01-05 17:23:57,470 | Mars.Core.Executor.Implementation.StepExecutionUseCase - Specified argument was out of the range of valid values. (Parameter 'The coordinate (2530, 55220) is outside the raster data object of bounds (148 x 83) bounds and outside the geo bounding box Box[9.293913645, 54.457824784 : 10.037852223071999, 54.876702747018]!') 
[ERROR] 2023-01-05 17:23:57,470 | Mars.Core.Executor.Implementation.StepExecutionUseCase - Specified argument was out of the range of valid values. (Parameter 'The coordinate (2553, 55722) is outside the raster data object of bounds (148 x 83) bounds and outside the geo bounding box Box[9.293913645, 54.457824784 : 10.037852223071999, 54.876702747018]!') 
[ERROR] 2023-01-05 17:23:57,471 | Mars.Core.Executor.Implementation.StepExecutionUseCase - Specified argument was out of the range of valid values. (Parameter 'The coordinate (2576, 56224) is outside the raster data object of bounds (148 x 83) bounds and outside the geo bounding box Box[9.293913645, 54.457824784 : 10.037852223071999, 54.876702747018]!') 
[ERROR] 2023-01-05 17:23:57,471 | Mars.Core.Executor.Implementation.StepExecutionUseCase - Specified argument was out of the range of valid values. (Parameter 'The coordinate (2599, 56726) is outside the raster data object of bounds (148 x 83) bounds and outside the geo bounding box Box[9.293913645, 54.457824784 : 10.037852223071999, 54.876702747018]!') 
[ERROR] 2023-01-05 17:23:57,472 | Mars.Core.Executor.Implementation.StepExecutionUseCase - Specified argument was out of the range of valid values. (Parameter 'The coordinate (2622, 57228) is outside the raster data object of bounds (148 x 83) bounds and outside the geo bounding box Box[9.293913645, 54.457824784 : 10.037852223071999, 54.876702747018]!') 
[ERROR] 2023-01-05 17:23:57,473 | Mars.Core.Executor.Implementation.StepExecutionUseCase - Specified argument was out of the range of valid values. (Parameter 'The coordinate (2645, 57730) is outside the raster data object of bounds (148 x 83) bounds and outside the geo bounding box Box[9.293913645, 54.457824784 : 10.037852223071999, 54.876702747018]!') 
[ERROR] 2023-01-05 17:23:57,473 | Mars.Core.Executor.Implementation.StepExecutionUseCase - Specified argument was out of the range of valid values. (Parameter 'The coordinate (2668, 58232) is outside the raster data object of bounds (148 x 83) bounds and outside the geo bounding box Box[9.293913645, 54.457824784 : 10.037852223071999, 54.876702747018]!') 
[ERROR] 2023-01-05 17:23:57,474 | Mars.Core.Executor.Implementation.StepExecutionUseCase - Specified argument was out of the range of valid values. (Parameter 'The coordinate (2691, 58734) is outside the raster data object of bounds (148 x 83) bounds and outside the geo bounding box Box[9.293913645, 54.457824784 : 10.037852223071999, 54.876702747018]!') 
[ERROR] 2023-01-05 17:24:14,463 | Mars.Core.Executor.Implementation.StepExecutionUseCase - Specified argument was out of the range of valid values. (Parameter 'The coordinate (62, 529) is outside the raster data object of bounds (148 x 83) bounds and outside the geo bounding box Box[9.293913645, 54.457824784 : 10.037852223071999, 54.876702747018]!') 
[ERROR] 2023-01-05 17:24:14,481 | Mars.Core.Executor.Implementation.StepExecutionUseCase - Specified argument was out of the range of valid values. (Parameter 'The coordinate (85, 1031) is outside the raster data object of bounds (148 x 83) bounds and outside the geo bounding box Box[9.293913645, 54.457824784 : 10.037852223071999, 54.876702747018]!') 
[ERROR] 2023-01-05 17:24:14,483 | Mars.Core.Executor.Implementation.StepExecutionUseCase - Specified argument was out of the range of valid values. (Parameter 'The coordinate (108, 1533) is outside the raster data object of bounds (148 x 83) bounds and outside the geo bounding box Box[9.293913645, 54.457824784 : 10.037852223071999, 54.876702747018]!') 
[ERROR] 2023-01-05 17:24:14,483 | Mars.Core.Executor.Implementation.StepExecutionUseCase - Specified argument was out of the range of valid values. (Parameter 'The coordinate (131, 2035) is outside the raster data object of bounds (148 x 83) bounds and outside the geo bounding box Box[9.293913645, 54.457824784 : 10.037852223071999, 54.876702747018]!') 
[ERROR] 2023-01-05 17:24:14,484 | Mars.Core.Executor.Implementation.StepExecutionUseCase - Specified argument was out of the range of valid values. (Parameter 'The coordinate (154, 2537) is outside the raster data object of bounds (148 x 83) bounds and outside the geo bounding box Box[9.293913645, 54.457824784 : 10.037852223071999, 54.876702747018]!') 
[ERROR] 2023-01-05 17:24:14,486 | Mars.Core.Executor.Implementation.StepExecutionUseCase - Specified argument was out of the range of valid values. (Parameter 'The coordinate (177, 3012) is outside the raster data object of bounds (148 x 83) bounds and outside the geo bounding box Box[9.293913645, 54.457824784 : 10.037852223071999, 54.876702747018]!') 
[ERROR] 2023-01-05 17:24:14,487 | Mars.Core.Executor.Implementation.StepExecutionUseCase - Specified argument was out of the range of valid values. (Parameter 'The coordinate (226, 3514) is outside the raster data object of bounds (148 x 83) bounds and outside the geo bounding box Box[9.293913645, 54.457824784 : 10.037852223071999, 54.876702747018]!') 
[ERROR] 2023-01-05 17:24:14,488 | Mars.Core.Executor.Implementation.StepExecutionUseCase - Specified argument was out of the range of valid values. (Parameter 'The coordinate (223, 4043) is outside the raster data object of bounds (148 x 83) bounds and outside the geo bounding box Box[9.293913645, 54.457824784 : 10.037852223071999, 54.876702747018]!') 
[ERROR] 2023-01-05 17:24:14,489 | Mars.Core.Executor.Implementation.StepExecutionUseCase - Specified argument was out of the range of valid values. (Parameter 'The coordinate (246, 4545) is outside the raster data object of bounds (148 x 83) bounds and outside the geo bounding box Box[9.293913645, 54.457824784 : 10.037852223071999, 54.876702747018]!') 
[ERROR] 2023-01-05 17:24:14,490 | Mars.Core.Executor.Implementation.StepExecutionUseCase - Specified argument was out of the range of valid values. (Parameter 'The coordinate (269, 5047) is outside the raster data object of bounds (148 x 83) bounds and outside the geo bounding box Box[9.293913645, 54.457824784 : 10.037852223071999, 54.876702747018]!') 
[ERROR] 2023-01-05 17:24:14,491 | Mars.Core.Executor.Implementation.StepExecutionUseCase - Specified argument was out of the range of valid values. (Parameter 'The coordinate (292, 5549) is outside the raster data object of bounds (148 x 83) bounds and outside the geo bounding box Box[9.293913645, 54.457824784 : 10.037852223071999, 54.876702747018]!') 
[ERROR] 2023-01-05 17:24:14,492 | Mars.Core.Executor.Implementation.StepExecutionUseCase - Specified argument was out of the range of valid values. (Parameter 'The coordinate (315, 6051) is outside the raster data object of bounds (148 x 83) bounds and outside the geo bounding box Box[9.293913645, 54.457824784 : 10.037852223071999, 54.876702747018]!') 
[ERROR] 2023-01-05 17:24:14,492 | Mars.Core.Executor.Implementation.StepExecutionUseCase - Specified argument was out of the range of valid values. (Parameter 'The coordinate (338, 6553) is outside the raster data object of bounds (148 x 83) bounds and outside the geo bounding box Box[9.293913645, 54.457824784 : 10.037852223071999, 54.876702747018]!') 
[ERROR] 2023-01-05 17:24:14,493 | Mars.Core.Executor.Implementation.StepExecutionUseCase - Specified argument was out of the range of valid values. (Parameter 'The coordinate (361, 7055) is outside the raster data object of bounds (148 x 83) bounds and outside the geo bounding box Box[9.293913645, 54.457824784 : 10.037852223071999, 54.876702747018]!') 
[ERROR] 2023-01-05 17:24:14,494 | Mars.Core.Executor.Implementation.StepExecutionUseCase - Specified argument was out of the range of valid values. (Parameter 'The coordinate (384, 7557) is outside the raster data object of bounds (148 x 83) bounds and outside the geo bounding box Box[9.293913645, 54.457824784 : 10.037852223071999, 54.876702747018]!') 
[ERROR] 2023-01-05 17:24:14,495 | Mars.Core.Executor.Implementation.StepExecutionUseCase - Specified argument was out of the range of valid values. (Parameter 'The coordinate (433, 8032) is outside the raster data object of bounds (148 x 83) bounds and outside the geo bounding box Box[9.293913645, 54.457824784 : 10.037852223071999, 54.876702747018]!') 
[ERROR] 2023-01-05 17:24:14,496 | Mars.Core.Executor.Implementation.StepExecutionUseCase - Specified argument was out of the range of valid values. (Parameter 'The coordinate (456, 8534) is outside the raster data object of bounds (148 x 83) bounds and outside the geo bounding box Box[9.293913645, 54.457824784 : 10.037852223071999, 54.876702747018]!') 
[ERROR] 2023-01-05 17:24:14,497 | Mars.Core.Executor.Implementation.StepExecutionUseCase - Specified argument was out of the range of valid values. (Parameter 'The coordinate (453, 9063) is outside the raster data object of bounds (148 x 83) bounds and outside the geo bounding box Box[9.293913645, 54.457824784 : 10.037852223071999, 54.876702747018]!') 
[ERROR] 2023-01-05 17:24:14,498 | Mars.Core.Executor.Implementation.StepExecutionUseCase - Specified argument was out of the range of valid values. (Parameter 'The coordinate (554, 9556) is outside the raster data object of bounds (148 x 83) bounds and outside the geo bounding box Box[9.293913645, 54.457824784 : 10.037852223071999, 54.876702747018]!') 
[ERROR] 2023-01-05 17:24:14,499 | Mars.Core.Executor.Implementation.StepExecutionUseCase - Specified argument was out of the range of valid values. (Parameter 'The coordinate (499, 10067) is outside the raster data object of bounds (148 x 83) bounds and outside the geo bounding box Box[9.293913645, 54.457824784 : 10.037852223071999, 54.876702747018]!') 
[ERROR] 2023-01-05 17:24:14,500 | Mars.Core.Executor.Implementation.StepExecutionUseCase - Specified argument was out of the range of valid values. (Parameter 'The coordinate (522, 10569) is outside the raster data object of bounds (148 x 83) bounds and outside the geo bounding box Box[9.293913645, 54.457824784 : 10.037852223071999, 54.876702747018]!') 
[ERROR] 2023-01-05 17:24:14,501 | Mars.Core.Executor.Implementation.StepExecutionUseCase - Specified argument was out of the range of valid values. (Parameter 'The coordinate (545, 11071) is outside the raster data object of bounds (148 x 83) bounds and outside the geo bounding box Box[9.293913645, 54.457824784 : 10.037852223071999, 54.876702747018]!') 
[ERROR] 2023-01-05 17:24:14,502 | Mars.Core.Executor.Implementation.StepExecutionUseCase - Specified argument was out of the range of valid values. (Parameter 'The coordinate (568, 11573) is outside the raster data object of bounds (148 x 83) bounds and outside the geo bounding box Box[9.293913645, 54.457824784 : 10.037852223071999, 54.876702747018]!') 
[ERROR] 2023-01-05 17:24:14,503 | Mars.Core.Executor.Implementation.StepExecutionUseCase - Specified argument was out of the range of valid values. (Parameter 'The coordinate (591, 12075) is outside the raster data object of bounds (148 x 83) bounds and outside the geo bounding box Box[9.293913645, 54.457824784 : 10.037852223071999, 54.876702747018]!') 
[ERROR] 2023-01-05 17:24:14,503 | Mars.Core.Executor.Implementation.StepExecutionUseCase - Specified argument was out of the range of valid values. (Parameter 'The coordinate (614, 12577) is outside the raster data object of bounds (148 x 83) bounds and outside the geo bounding box Box[9.293913645, 54.457824784 : 10.037852223071999, 54.876702747018]!') 
[ERROR] 2023-01-05 17:24:14,505 | Mars.Core.Executor.Implementation.StepExecutionUseCase - Specified argument was out of the range of valid values. (Parameter 'The coordinate (637, 13079) is outside the raster data object of bounds (148 x 83) bounds and outside the geo bounding box Box[9.293913645, 54.457824784 : 10.037852223071999, 54.876702747018]!') 
[ERROR] 2023-01-05 17:24:14,509 | Mars.Core.Executor.Implementation.StepExecutionUseCase - Specified argument was out of the range of valid values. (Parameter 'The coordinate (660, 13581) is outside the raster data object of bounds (148 x 83) bounds and outside the geo bounding box Box[9.293913645, 54.457824784 : 10.037852223071999, 54.876702747018]!') 
[ERROR] 2023-01-05 17:24:14,511 | Mars.Core.Executor.Implementation.StepExecutionUseCase - Specified argument was out of the range of valid values. (Parameter 'The coordinate (683, 14083) is outside the raster data object of bounds (148 x 83) bounds and outside the geo bounding box Box[9.293913645, 54.457824784 : 10.037852223071999, 54.876702747018]!') 
[ERROR] 2023-01-05 17:24:14,512 | Mars.Core.Executor.Implementation.StepExecutionUseCase - Specified argument was out of the range of valid values. (Parameter 'The coordinate (706, 14585) is outside the raster data object of bounds (148 x 83) bounds and outside the geo bounding box Box[9.293913645, 54.457824784 : 10.037852223071999, 54.876702747018]!') 
[ERROR] 2023-01-05 17:24:14,513 | Mars.Core.Executor.Implementation.StepExecutionUseCase - Specified argument was out of the range of valid values. (Parameter 'The coordinate (755, 15060) is outside the raster data object of bounds (148 x 83) bounds and outside the geo bounding box Box[9.293913645, 54.457824784 : 10.037852223071999, 54.876702747018]!') 
[ERROR] 2023-01-05 17:24:14,513 | Mars.Core.Executor.Implementation.StepExecutionUseCase - Specified argument was out of the range of valid values. (Parameter 'The coordinate (752, 15589) is outside the raster data object of bounds (148 x 83) bounds and outside the geo bounding box Box[9.293913645, 54.457824784 : 10.037852223071999, 54.876702747018]!') 
[ERROR] 2023-01-05 17:24:14,514 | Mars.Core.Executor.Implementation.StepExecutionUseCase - Specified argument was out of the range of valid values. (Parameter 'The coordinate (775, 16091) is outside the raster data object of bounds (148 x 83) bounds and outside the geo bounding box Box[9.293913645, 54.457824784 : 10.037852223071999, 54.876702747018]!') 
[ERROR] 2023-01-05 17:24:14,515 | Mars.Core.Executor.Implementation.StepExecutionUseCase - Specified argument was out of the range of valid values. (Parameter 'The coordinate (798, 16593) is outside the raster data object of bounds (148 x 83) bounds and outside the geo bounding box Box[9.293913645, 54.457824784 : 10.037852223071999, 54.876702747018]!') 
[ERROR] 2023-01-05 17:24:14,516 | Mars.Core.Executor.Implementation.StepExecutionUseCase - Specified argument was out of the range of valid values. (Parameter 'The coordinate (847, 17068) is outside the raster data object of bounds (148 x 83) bounds and outside the geo bounding box Box[9.293913645, 54.457824784 : 10.037852223071999, 54.876702747018]!') 
[ERROR] 2023-01-05 17:24:14,517 | Mars.Core.Executor.Implementation.StepExecutionUseCase - Specified argument was out of the range of valid values. (Parameter 'The coordinate (870, 17570) is outside the raster data object of bounds (148 x 83) bounds and outside the geo bounding box Box[9.293913645, 54.457824784 : 10.037852223071999, 54.876702747018]!') 
[ERROR] 2023-01-05 17:24:14,518 | Mars.Core.Executor.Implementation.StepExecutionUseCase - Specified argument was out of the range of valid values. (Parameter 'The coordinate (867, 18099) is outside the raster data object of bounds (148 x 83) bounds and outside the geo bounding box Box[9.293913645, 54.457824784 : 10.037852223071999, 54.876702747018]!') 
[ERROR] 2023-01-05 17:24:14,519 | Mars.Core.Executor.Implementation.StepExecutionUseCase - Specified argument was out of the range of valid values. (Parameter 'The coordinate (916, 18574) is outside the raster data object of bounds (148 x 83) bounds and outside the geo bounding box Box[9.293913645, 54.457824784 : 10.037852223071999, 54.876702747018]!') 
[ERROR] 2023-01-05 17:24:14,520 | Mars.Core.Executor.Implementation.StepExecutionUseCase - Specified argument was out of the range of valid values. (Parameter 'The coordinate (913, 19103) is outside the raster data object of bounds (148 x 83) bounds and outside the geo bounding box Box[9.293913645, 54.457824784 : 10.037852223071999, 54.876702747018]!') 
[ERROR] 2023-01-05 17:24:14,521 | Mars.Core.Executor.Implementation.StepExecutionUseCase - Specified argument was out of the range of valid values. (Parameter 'The coordinate (936, 19605) is outside the raster data object of bounds (148 x 83) bounds and outside the geo bounding box Box[9.293913645, 54.457824784 : 10.037852223071999, 54.876702747018]!') 
[ERROR] 2023-01-05 17:24:14,521 | Mars.Core.Executor.Implementation.StepExecutionUseCase - Specified argument was out of the range of valid values. (Parameter 'The coordinate (959, 20107) is outside the raster data object of bounds (148 x 83) bounds and outside the geo bounding box Box[9.293913645, 54.457824784 : 10.037852223071999, 54.876702747018]!') 
[ERROR] 2023-01-05 17:24:14,522 | Mars.Core.Executor.Implementation.StepExecutionUseCase - Specified argument was out of the range of valid values. (Parameter 'The coordinate (982, 20609) is outside the raster data object of bounds (148 x 83) bounds and outside the geo bounding box Box[9.293913645, 54.457824784 : 10.037852223071999, 54.876702747018]!') 
[ERROR] 2023-01-05 17:24:14,523 | Mars.Core.Executor.Implementation.StepExecutionUseCase - Specified argument was out of the range of valid values. (Parameter 'The coordinate (1031, 21084) is outside the raster data object of bounds (148 x 83) bounds and outside the geo bounding box Box[9.293913645, 54.457824784 : 10.037852223071999, 54.876702747018]!') 
[ERROR] 2023-01-05 17:24:14,524 | Mars.Core.Executor.Implementation.StepExecutionUseCase - Specified argument was out of the range of valid values. (Parameter 'The coordinate (1028, 21613) is outside the raster data object of bounds (148 x 83) bounds and outside the geo bounding box Box[9.293913645, 54.457824784 : 10.037852223071999, 54.876702747018]!') 
[ERROR] 2023-01-05 17:24:14,525 | Mars.Core.Executor.Implementation.StepExecutionUseCase - Specified argument was out of the range of valid values. (Parameter 'The coordinate (1077, 22088) is outside the raster data object of bounds (148 x 83) bounds and outside the geo bounding box Box[9.293913645, 54.457824784 : 10.037852223071999, 54.876702747018]!') 
[ERROR] 2023-01-05 17:24:14,526 | Mars.Core.Executor.Implementation.StepExecutionUseCase - Specified argument was out of the range of valid values. (Parameter 'The coordinate (1074, 22617) is outside the raster data object of bounds (148 x 83) bounds and outside the geo bounding box Box[9.293913645, 54.457824784 : 10.037852223071999, 54.876702747018]!') 
[ERROR] 2023-01-05 17:24:14,527 | Mars.Core.Executor.Implementation.StepExecutionUseCase - Specified argument was out of the range of valid values. (Parameter 'The coordinate (1097, 23119) is outside the raster data object of bounds (148 x 83) bounds and outside the geo bounding box Box[9.293913645, 54.457824784 : 10.037852223071999, 54.876702747018]!') 
[ERROR] 2023-01-05 17:24:14,527 | Mars.Core.Executor.Implementation.StepExecutionUseCase - Specified argument was out of the range of valid values. (Parameter 'The coordinate (1120, 23621) is outside the raster data object of bounds (148 x 83) bounds and outside the geo bounding box Box[9.293913645, 54.457824784 : 10.037852223071999, 54.876702747018]!') 
[ERROR] 2023-01-05 17:24:14,528 | Mars.Core.Executor.Implementation.StepExecutionUseCase - Specified argument was out of the range of valid values. (Parameter 'The coordinate (1143, 24123) is outside the raster data object of bounds (148 x 83) bounds and outside the geo bounding box Box[9.293913645, 54.457824784 : 10.037852223071999, 54.876702747018]!') 
[ERROR] 2023-01-05 17:24:14,529 | Mars.Core.Executor.Implementation.StepExecutionUseCase - Specified argument was out of the range of valid values. (Parameter 'The coordinate (1127, 24616) is outside the raster data object of bounds (148 x 83) bounds and outside the geo bounding box Box[9.293913645, 54.457824784 : 10.037852223071999, 54.876702747018]!') 
[ERROR] 2023-01-05 17:24:14,530 | Mars.Core.Executor.Implementation.StepExecutionUseCase - Specified argument was out of the range of valid values. (Parameter 'The coordinate (1189, 25100) is outside the raster data object of bounds (148 x 83) bounds and outside the geo bounding box Box[9.293913645, 54.457824784 : 10.037852223071999, 54.876702747018]!') 
[ERROR] 2023-01-05 17:24:14,531 | Mars.Core.Executor.Implementation.StepExecutionUseCase - Specified argument was out of the range of valid values. (Parameter 'The coordinate (1238, 25602) is outside the raster data object of bounds (148 x 83) bounds and outside the geo bounding box Box[9.293913645, 54.457824784 : 10.037852223071999, 54.876702747018]!') 
[ERROR] 2023-01-05 17:24:14,532 | Mars.Core.Executor.Implementation.StepExecutionUseCase - Specified argument was out of the range of valid values. (Parameter 'The coordinate (1235, 26131) is outside the raster data object of bounds (148 x 83) bounds and outside the geo bounding box Box[9.293913645, 54.457824784 : 10.037852223071999, 54.876702747018]!') 
[ERROR] 2023-01-05 17:24:14,533 | Mars.Core.Executor.Implementation.StepExecutionUseCase - Specified argument was out of the range of valid values. (Parameter 'The coordinate (1258, 26633) is outside the raster data object of bounds (148 x 83) bounds and outside the geo bounding box Box[9.293913645, 54.457824784 : 10.037852223071999, 54.876702747018]!') 
[ERROR] 2023-01-05 17:24:14,534 | Mars.Core.Executor.Implementation.StepExecutionUseCase - Specified argument was out of the range of valid values. (Parameter 'The coordinate (1281, 27135) is outside the raster data object of bounds (148 x 83) bounds and outside the geo bounding box Box[9.293913645, 54.457824784 : 10.037852223071999, 54.876702747018]!') 
[ERROR] 2023-01-05 17:24:14,535 | Mars.Core.Executor.Implementation.StepExecutionUseCase - Specified argument was out of the range of valid values. (Parameter 'The coordinate (1304, 27637) is outside the raster data object of bounds (148 x 83) bounds and outside the geo bounding box Box[9.293913645, 54.457824784 : 10.037852223071999, 54.876702747018]!') 
[ERROR] 2023-01-05 17:24:14,535 | Mars.Core.Executor.Implementation.StepExecutionUseCase - Specified argument was out of the range of valid values. (Parameter 'The coordinate (1327, 28139) is outside the raster data object of bounds (148 x 83) bounds and outside the geo bounding box Box[9.293913645, 54.457824784 : 10.037852223071999, 54.876702747018]!') 
[ERROR] 2023-01-05 17:24:14,536 | Mars.Core.Executor.Implementation.StepExecutionUseCase - Specified argument was out of the range of valid values. (Parameter 'The coordinate (1350, 28641) is outside the raster data object of bounds (148 x 83) bounds and outside the geo bounding box Box[9.293913645, 54.457824784 : 10.037852223071999, 54.876702747018]!') 
[ERROR] 2023-01-05 17:24:14,537 | Mars.Core.Executor.Implementation.StepExecutionUseCase - Specified argument was out of the range of valid values. (Parameter 'The coordinate (1373, 29143) is outside the raster data object of bounds (148 x 83) bounds and outside the geo bounding box Box[9.293913645, 54.457824784 : 10.037852223071999, 54.876702747018]!') 
[ERROR] 2023-01-05 17:24:14,538 | Mars.Core.Executor.Implementation.StepExecutionUseCase - Specified argument was out of the range of valid values. (Parameter 'The coordinate (1396, 29645) is outside the raster data object of bounds (148 x 83) bounds and outside the geo bounding box Box[9.293913645, 54.457824784 : 10.037852223071999, 54.876702747018]!') 
[ERROR] 2023-01-05 17:24:14,544 | Mars.Core.Executor.Implementation.StepExecutionUseCase - Specified argument was out of the range of valid values. (Parameter 'The coordinate (1445, 30120) is outside the raster data object of bounds (148 x 83) bounds and outside the geo bounding box Box[9.293913645, 54.457824784 : 10.037852223071999, 54.876702747018]!') 
[ERROR] 2023-01-05 17:24:14,546 | Mars.Core.Executor.Implementation.StepExecutionUseCase - Specified argument was out of the range of valid values. (Parameter 'The coordinate (1403, 30640) is outside the raster data object of bounds (148 x 83) bounds and outside the geo bounding box Box[9.293913645, 54.457824784 : 10.037852223071999, 54.876702747018]!') 
[ERROR] 2023-01-05 17:24:14,546 | Mars.Core.Executor.Implementation.StepExecutionUseCase - Specified argument was out of the range of valid values. (Parameter 'The coordinate (1426, 31142) is outside the raster data object of bounds (148 x 83) bounds and outside the geo bounding box Box[9.293913645, 54.457824784 : 10.037852223071999, 54.876702747018]!') 
[ERROR] 2023-01-05 17:24:14,547 | Mars.Core.Executor.Implementation.StepExecutionUseCase - Specified argument was out of the range of valid values. (Parameter 'The coordinate (1488, 31653) is outside the raster data object of bounds (148 x 83) bounds and outside the geo bounding box Box[9.293913645, 54.457824784 : 10.037852223071999, 54.876702747018]!') 
[ERROR] 2023-01-05 17:24:14,548 | Mars.Core.Executor.Implementation.StepExecutionUseCase - Specified argument was out of the range of valid values. (Parameter 'The coordinate (1511, 32155) is outside the raster data object of bounds (148 x 83) bounds and outside the geo bounding box Box[9.293913645, 54.457824784 : 10.037852223071999, 54.876702747018]!') 
[ERROR] 2023-01-05 17:24:14,549 | Mars.Core.Executor.Implementation.StepExecutionUseCase - Specified argument was out of the range of valid values. (Parameter 'The coordinate (1612, 32648) is outside the raster data object of bounds (148 x 83) bounds and outside the geo bounding box Box[9.293913645, 54.457824784 : 10.037852223071999, 54.876702747018]!') 
[ERROR] 2023-01-05 17:24:14,550 | Mars.Core.Executor.Implementation.StepExecutionUseCase - Specified argument was out of the range of valid values. (Parameter 'The coordinate (1557, 33159) is outside the raster data object of bounds (148 x 83) bounds and outside the geo bounding box Box[9.293913645, 54.457824784 : 10.037852223071999, 54.876702747018]!') 
[ERROR] 2023-01-05 17:24:14,551 | Mars.Core.Executor.Implementation.StepExecutionUseCase - Specified argument was out of the range of valid values. (Parameter 'The coordinate (1580, 33661) is outside the raster data object of bounds (148 x 83) bounds and outside the geo bounding box Box[9.293913645, 54.457824784 : 10.037852223071999, 54.876702747018]!') 
[ERROR] 2023-01-05 17:24:14,552 | Mars.Core.Executor.Implementation.StepExecutionUseCase - Specified argument was out of the range of valid values. (Parameter 'The coordinate (1603, 34163) is outside the raster data object of bounds (148 x 83) bounds and outside the geo bounding box Box[9.293913645, 54.457824784 : 10.037852223071999, 54.876702747018]!') 
[ERROR] 2023-01-05 17:24:14,553 | Mars.Core.Executor.Implementation.StepExecutionUseCase - Specified argument was out of the range of valid values. (Parameter 'The coordinate (1652, 34638) is outside the raster data object of bounds (148 x 83) bounds and outside the geo bounding box Box[9.293913645, 54.457824784 : 10.037852223071999, 54.876702747018]!') 
[ERROR] 2023-01-05 17:24:14,554 | Mars.Core.Executor.Implementation.StepExecutionUseCase - Specified argument was out of the range of valid values. (Parameter 'The coordinate (1649, 35167) is outside the raster data object of bounds (148 x 83) bounds and outside the geo bounding box Box[9.293913645, 54.457824784 : 10.037852223071999, 54.876702747018]!') 
[ERROR] 2023-01-05 17:24:14,554 | Mars.Core.Executor.Implementation.StepExecutionUseCase - Specified argument was out of the range of valid values. (Parameter 'The coordinate (1672, 35669) is outside the raster data object of bounds (148 x 83) bounds and outside the geo bounding box Box[9.293913645, 54.457824784 : 10.037852223071999, 54.876702747018]!') 
[ERROR] 2023-01-05 17:24:14,555 | Mars.Core.Executor.Implementation.StepExecutionUseCase - Specified argument was out of the range of valid values. (Parameter 'The coordinate (1695, 36171) is outside the raster data object of bounds (148 x 83) bounds and outside the geo bounding box Box[9.293913645, 54.457824784 : 10.037852223071999, 54.876702747018]!') 
[ERROR] 2023-01-05 17:24:14,556 | Mars.Core.Executor.Implementation.StepExecutionUseCase - Specified argument was out of the range of valid values. (Parameter 'The coordinate (1718, 36673) is outside the raster data object of bounds (148 x 83) bounds and outside the geo bounding box Box[9.293913645, 54.457824784 : 10.037852223071999, 54.876702747018]!') 
[ERROR] 2023-01-05 17:24:14,557 | Mars.Core.Executor.Implementation.StepExecutionUseCase - Specified argument was out of the range of valid values. (Parameter 'The coordinate (1741, 37175) is outside the raster data object of bounds (148 x 83) bounds and outside the geo bounding box Box[9.293913645, 54.457824784 : 10.037852223071999, 54.876702747018]!') 
[ERROR] 2023-01-05 17:24:14,558 | Mars.Core.Executor.Implementation.StepExecutionUseCase - Specified argument was out of the range of valid values. (Parameter 'The coordinate (1764, 37677) is outside the raster data object of bounds (148 x 83) bounds and outside the geo bounding box Box[9.293913645, 54.457824784 : 10.037852223071999, 54.876702747018]!') 
[ERROR] 2023-01-05 17:24:14,559 | Mars.Core.Executor.Implementation.StepExecutionUseCase - Specified argument was out of the range of valid values. (Parameter 'The coordinate (1787, 38179) is outside the raster data object of bounds (148 x 83) bounds and outside the geo bounding box Box[9.293913645, 54.457824784 : 10.037852223071999, 54.876702747018]!') 
[ERROR] 2023-01-05 17:24:14,560 | Mars.Core.Executor.Implementation.StepExecutionUseCase - Specified argument was out of the range of valid values. (Parameter 'The coordinate (1784, 38672) is outside the raster data object of bounds (148 x 83) bounds and outside the geo bounding box Box[9.293913645, 54.457824784 : 10.037852223071999, 54.876702747018]!') 
[ERROR] 2023-01-05 17:24:14,560 | Mars.Core.Executor.Implementation.StepExecutionUseCase - Specified argument was out of the range of valid values. (Parameter 'The coordinate (1833, 39183) is outside the raster data object of bounds (148 x 83) bounds and outside the geo bounding box Box[9.293913645, 54.457824784 : 10.037852223071999, 54.876702747018]!') 
[ERROR] 2023-01-05 17:24:14,561 | Mars.Core.Executor.Implementation.StepExecutionUseCase - Specified argument was out of the range of valid values. (Parameter 'The coordinate (1856, 39685) is outside the raster data object of bounds (148 x 83) bounds and outside the geo bounding box Box[9.293913645, 54.457824784 : 10.037852223071999, 54.876702747018]!') 
[ERROR] 2023-01-05 17:24:14,562 | Mars.Core.Executor.Implementation.StepExecutionUseCase - Specified argument was out of the range of valid values. (Parameter 'The coordinate (1879, 40187) is outside the raster data object of bounds (148 x 83) bounds and outside the geo bounding box Box[9.293913645, 54.457824784 : 10.037852223071999, 54.876702747018]!') 
[ERROR] 2023-01-05 17:24:14,563 | Mars.Core.Executor.Implementation.StepExecutionUseCase - Specified argument was out of the range of valid values. (Parameter 'The coordinate (1902, 40689) is outside the raster data object of bounds (148 x 83) bounds and outside the geo bounding box Box[9.293913645, 54.457824784 : 10.037852223071999, 54.876702747018]!') 
[ERROR] 2023-01-05 17:24:14,564 | Mars.Core.Executor.Implementation.StepExecutionUseCase - Specified argument was out of the range of valid values. (Parameter 'The coordinate (1925, 41191) is outside the raster data object of bounds (148 x 83) bounds and outside the geo bounding box Box[9.293913645, 54.457824784 : 10.037852223071999, 54.876702747018]!') 
[ERROR] 2023-01-05 17:24:14,565 | Mars.Core.Executor.Implementation.StepExecutionUseCase - Specified argument was out of the range of valid values. (Parameter 'The coordinate (1948, 41693) is outside the raster data object of bounds (148 x 83) bounds and outside the geo bounding box Box[9.293913645, 54.457824784 : 10.037852223071999, 54.876702747018]!') 
[ERROR] 2023-01-05 17:24:14,566 | Mars.Core.Executor.Implementation.StepExecutionUseCase - Specified argument was out of the range of valid values. (Parameter 'The coordinate (1997, 42168) is outside the raster data object of bounds (148 x 83) bounds and outside the geo bounding box Box[9.293913645, 54.457824784 : 10.037852223071999, 54.876702747018]!') 
[ERROR] 2023-01-05 17:24:14,567 | Mars.Core.Executor.Implementation.StepExecutionUseCase - Specified argument was out of the range of valid values. (Parameter 'The coordinate (1994, 42697) is outside the raster data object of bounds (148 x 83) bounds and outside the geo bounding box Box[9.293913645, 54.457824784 : 10.037852223071999, 54.876702747018]!') 
[ERROR] 2023-01-05 17:24:14,568 | Mars.Core.Executor.Implementation.StepExecutionUseCase - Specified argument was out of the range of valid values. (Parameter 'The coordinate (2043, 43172) is outside the raster data object of bounds (148 x 83) bounds and outside the geo bounding box Box[9.293913645, 54.457824784 : 10.037852223071999, 54.876702747018]!') 
[ERROR] 2023-01-05 17:24:14,568 | Mars.Core.Executor.Implementation.StepExecutionUseCase - Specified argument was out of the range of valid values. (Parameter 'The coordinate (2040, 43701) is outside the raster data object of bounds (148 x 83) bounds and outside the geo bounding box Box[9.293913645, 54.457824784 : 10.037852223071999, 54.876702747018]!') 
[ERROR] 2023-01-05 17:24:14,569 | Mars.Core.Executor.Implementation.StepExecutionUseCase - Specified argument was out of the range of valid values. (Parameter 'The coordinate (2024, 44194) is outside the raster data object of bounds (148 x 83) bounds and outside the geo bounding box Box[9.293913645, 54.457824784 : 10.037852223071999, 54.876702747018]!') 
[ERROR] 2023-01-05 17:24:14,570 | Mars.Core.Executor.Implementation.StepExecutionUseCase - Specified argument was out of the range of valid values. (Parameter 'The coordinate (2086, 44705) is outside the raster data object of bounds (148 x 83) bounds and outside the geo bounding box Box[9.293913645, 54.457824784 : 10.037852223071999, 54.876702747018]!') 
[ERROR] 2023-01-05 17:24:14,571 | Mars.Core.Executor.Implementation.StepExecutionUseCase - Specified argument was out of the range of valid values. (Parameter 'The coordinate (2109, 45207) is outside the raster data object of bounds (148 x 83) bounds and outside the geo bounding box Box[9.293913645, 54.457824784 : 10.037852223071999, 54.876702747018]!') 
[ERROR] 2023-01-05 17:24:14,572 | Mars.Core.Executor.Implementation.StepExecutionUseCase - Specified argument was out of the range of valid values. (Parameter 'The coordinate (2132, 45709) is outside the raster data object of bounds (148 x 83) bounds and outside the geo bounding box Box[9.293913645, 54.457824784 : 10.037852223071999, 54.876702747018]!') 
[ERROR] 2023-01-05 17:24:14,573 | Mars.Core.Executor.Implementation.StepExecutionUseCase - Specified argument was out of the range of valid values. (Parameter 'The coordinate (2155, 46211) is outside the raster data object of bounds (148 x 83) bounds and outside the geo bounding box Box[9.293913645, 54.457824784 : 10.037852223071999, 54.876702747018]!') 
[ERROR] 2023-01-05 17:24:14,575 | Mars.Core.Executor.Implementation.StepExecutionUseCase - Specified argument was out of the range of valid values. (Parameter 'The coordinate (2178, 46713) is outside the raster data object of bounds (148 x 83) bounds and outside the geo bounding box Box[9.293913645, 54.457824784 : 10.037852223071999, 54.876702747018]!') 
[ERROR] 2023-01-05 17:24:14,576 | Mars.Core.Executor.Implementation.StepExecutionUseCase - Specified argument was out of the range of valid values. (Parameter 'The coordinate (2201, 47215) is outside the raster data object of bounds (148 x 83) bounds and outside the geo bounding box Box[9.293913645, 54.457824784 : 10.037852223071999, 54.876702747018]!') 
[ERROR] 2023-01-05 17:24:14,577 | Mars.Core.Executor.Implementation.StepExecutionUseCase - Specified argument was out of the range of valid values. (Parameter 'The coordinate (2224, 47717) is outside the raster data object of bounds (148 x 83) bounds and outside the geo bounding box Box[9.293913645, 54.457824784 : 10.037852223071999, 54.876702747018]!') 
[ERROR] 2023-01-05 17:24:14,578 | Mars.Core.Executor.Implementation.StepExecutionUseCase - Specified argument was out of the range of valid values. (Parameter 'The coordinate (2247, 48219) is outside the raster data object of bounds (148 x 83) bounds and outside the geo bounding box Box[9.293913645, 54.457824784 : 10.037852223071999, 54.876702747018]!') 
[ERROR] 2023-01-05 17:24:14,578 | Mars.Core.Executor.Implementation.StepExecutionUseCase - Specified argument was out of the range of valid values. (Parameter 'The coordinate (2270, 48721) is outside the raster data object of bounds (148 x 83) bounds and outside the geo bounding box Box[9.293913645, 54.457824784 : 10.037852223071999, 54.876702747018]!') 
[ERROR] 2023-01-05 17:24:14,579 | Mars.Core.Executor.Implementation.StepExecutionUseCase - Specified argument was out of the range of valid values. (Parameter 'The coordinate (2293, 49223) is outside the raster data object of bounds (148 x 83) bounds and outside the geo bounding box Box[9.293913645, 54.457824784 : 10.037852223071999, 54.876702747018]!') 
[ERROR] 2023-01-05 17:24:14,580 | Mars.Core.Executor.Implementation.StepExecutionUseCase - Specified argument was out of the range of valid values. (Parameter 'The coordinate (2342, 49698) is outside the raster data object of bounds (148 x 83) bounds and outside the geo bounding box Box[9.293913645, 54.457824784 : 10.037852223071999, 54.876702747018]!') 
[ERROR] 2023-01-05 17:24:14,581 | Mars.Core.Executor.Implementation.StepExecutionUseCase - Specified argument was out of the range of valid values. (Parameter 'The coordinate (2339, 50227) is outside the raster data object of bounds (148 x 83) bounds and outside the geo bounding box Box[9.293913645, 54.457824784 : 10.037852223071999, 54.876702747018]!') 
[ERROR] 2023-01-05 17:24:14,582 | Mars.Core.Executor.Implementation.StepExecutionUseCase - Specified argument was out of the range of valid values. (Parameter 'The coordinate (2362, 50729) is outside the raster data object of bounds (148 x 83) bounds and outside the geo bounding box Box[9.293913645, 54.457824784 : 10.037852223071999, 54.876702747018]!') 
[ERROR] 2023-01-05 17:24:14,583 | Mars.Core.Executor.Implementation.StepExecutionUseCase - Specified argument was out of the range of valid values. (Parameter 'The coordinate (2385, 51231) is outside the raster data object of bounds (148 x 83) bounds and outside the geo bounding box Box[9.293913645, 54.457824784 : 10.037852223071999, 54.876702747018]!') 
[ERROR] 2023-01-05 17:24:14,584 | Mars.Core.Executor.Implementation.StepExecutionUseCase - Specified argument was out of the range of valid values. (Parameter 'The coordinate (2408, 51733) is outside the raster data object of bounds (148 x 83) bounds and outside the geo bounding box Box[9.293913645, 54.457824784 : 10.037852223071999, 54.876702747018]!') 
[ERROR] 2023-01-05 17:24:14,585 | Mars.Core.Executor.Implementation.StepExecutionUseCase - Specified argument was out of the range of valid values. (Parameter 'The coordinate (2431, 52208) is outside the raster data object of bounds (148 x 83) bounds and outside the geo bounding box Box[9.293913645, 54.457824784 : 10.037852223071999, 54.876702747018]!') 
[ERROR] 2023-01-05 17:24:14,585 | Mars.Core.Executor.Implementation.StepExecutionUseCase - Specified argument was out of the range of valid values. (Parameter 'The coordinate (2454, 52710) is outside the raster data object of bounds (148 x 83) bounds and outside the geo bounding box Box[9.293913645, 54.457824784 : 10.037852223071999, 54.876702747018]!') 
[ERROR] 2023-01-05 17:24:14,586 | Mars.Core.Executor.Implementation.StepExecutionUseCase - Specified argument was out of the range of valid values. (Parameter 'The coordinate (2477, 53239) is outside the raster data object of bounds (148 x 83) bounds and outside the geo bounding box Box[9.293913645, 54.457824784 : 10.037852223071999, 54.876702747018]!') 
[ERROR] 2023-01-05 17:24:14,587 | Mars.Core.Executor.Implementation.StepExecutionUseCase - Specified argument was out of the range of valid values. (Parameter 'The coordinate (2500, 53741) is outside the raster data object of bounds (148 x 83) bounds and outside the geo bounding box Box[9.293913645, 54.457824784 : 10.037852223071999, 54.876702747018]!') 
[ERROR] 2023-01-05 17:24:14,588 | Mars.Core.Executor.Implementation.StepExecutionUseCase - Specified argument was out of the range of valid values. (Parameter 'The coordinate (2523, 54243) is outside the raster data object of bounds (148 x 83) bounds and outside the geo bounding box Box[9.293913645, 54.457824784 : 10.037852223071999, 54.876702747018]!') 
[ERROR] 2023-01-05 17:24:14,589 | Mars.Core.Executor.Implementation.StepExecutionUseCase - Specified argument was out of the range of valid values. (Parameter 'The coordinate (2546, 54745) is outside the raster data object of bounds (148 x 83) bounds and outside the geo bounding box Box[9.293913645, 54.457824784 : 10.037852223071999, 54.876702747018]!') 
[ERROR] 2023-01-05 17:24:14,590 | Mars.Core.Executor.Implementation.StepExecutionUseCase - Specified argument was out of the range of valid values. (Parameter 'The coordinate (2569, 55247) is outside the raster data object of bounds (148 x 83) bounds and outside the geo bounding box Box[9.293913645, 54.457824784 : 10.037852223071999, 54.876702747018]!') 
[ERROR] 2023-01-05 17:24:14,591 | Mars.Core.Executor.Implementation.StepExecutionUseCase - Specified argument was out of the range of valid values. (Parameter 'The coordinate (2553, 55740) is outside the raster data object of bounds (148 x 83) bounds and outside the geo bounding box Box[9.293913645, 54.457824784 : 10.037852223071999, 54.876702747018]!') 
[ERROR] 2023-01-05 17:24:14,591 | Mars.Core.Executor.Implementation.StepExecutionUseCase - Specified argument was out of the range of valid values. (Parameter 'The coordinate (2615, 56251) is outside the raster data object of bounds (148 x 83) bounds and outside the geo bounding box Box[9.293913645, 54.457824784 : 10.037852223071999, 54.876702747018]!') 
[ERROR] 2023-01-05 17:24:14,592 | Mars.Core.Executor.Implementation.StepExecutionUseCase - Specified argument was out of the range of valid values. (Parameter 'The coordinate (2638, 56753) is outside the raster data object of bounds (148 x 83) bounds and outside the geo bounding box Box[9.293913645, 54.457824784 : 10.037852223071999, 54.876702747018]!') 
[ERROR] 2023-01-05 17:24:14,594 | Mars.Core.Executor.Implementation.StepExecutionUseCase - Specified argument was out of the range of valid values. (Parameter 'The coordinate (2661, 57255) is outside the raster data object of bounds (148 x 83) bounds and outside the geo bounding box Box[9.293913645, 54.457824784 : 10.037852223071999, 54.876702747018]!') 
[ERROR] 2023-01-05 17:24:14,595 | Mars.Core.Executor.Implementation.StepExecutionUseCase - Specified argument was out of the range of valid values. (Parameter 'The coordinate (2684, 57757) is outside the raster data object of bounds (148 x 83) bounds and outside the geo bounding box Box[9.293913645, 54.457824784 : 10.037852223071999, 54.876702747018]!') 
[ERROR] 2023-01-05 17:24:14,596 | Mars.Core.Executor.Implementation.StepExecutionUseCase - Specified argument was out of the range of valid values. (Parameter 'The coordinate (2707, 58259) is outside the raster data object of bounds (148 x 83) bounds and outside the geo bounding box Box[9.293913645, 54.457824784 : 10.037852223071999, 54.876702747018]!') 
[ERROR] 2023-01-05 17:24:14,597 | Mars.Core.Executor.Implementation.StepExecutionUseCase - Specified argument was out of the range of valid values. (Parameter 'The coordinate (2730, 58761) is outside the raster data object of bounds (148 x 83) bounds and outside the geo bounding box Box[9.293913645, 54.457824784 : 10.037852223071999, 54.876702747018]!') 
[ERROR] 2023-01-05 17:24:41,682 | Mars.Core.Executor.Implementation.StepExecutionUseCase - Specified argument was out of the range of valid values. (Parameter 'The coordinate (140, 529) is outside the raster data object of bounds (148 x 83) bounds and outside the geo bounding box Box[9.293913645, 54.457824784 : 10.037852223071999, 54.876702747018]!') 
[ERROR] 2023-01-05 17:24:41,698 | Mars.Core.Executor.Implementation.StepExecutionUseCase - Specified argument was out of the range of valid values. (Parameter 'The coordinate (59, 1049) is outside the raster data object of bounds (148 x 83) bounds and outside the geo bounding box Box[9.293913645, 54.457824784 : 10.037852223071999, 54.876702747018]!') 
[ERROR] 2023-01-05 17:24:41,700 | Mars.Core.Executor.Implementation.StepExecutionUseCase - Specified argument was out of the range of valid values. (Parameter 'The coordinate (69, 1524) is outside the raster data object of bounds (148 x 83) bounds and outside the geo bounding box Box[9.293913645, 54.457824784 : 10.037852223071999, 54.876702747018]!') 
[ERROR] 2023-01-05 17:24:41,701 | Mars.Core.Executor.Implementation.StepExecutionUseCase - Specified argument was out of the range of valid values. (Parameter 'The coordinate (92, 2026) is outside the raster data object of bounds (148 x 83) bounds and outside the geo bounding box Box[9.293913645, 54.457824784 : 10.037852223071999, 54.876702747018]!') 
[ERROR] 2023-01-05 17:24:41,702 | Mars.Core.Executor.Implementation.StepExecutionUseCase - Specified argument was out of the range of valid values. (Parameter 'The coordinate (115, 2528) is outside the raster data object of bounds (148 x 83) bounds and outside the geo bounding box Box[9.293913645, 54.457824784 : 10.037852223071999, 54.876702747018]!') 
[ERROR] 2023-01-05 17:24:41,703 | Mars.Core.Executor.Implementation.StepExecutionUseCase - Specified argument was out of the range of valid values. (Parameter 'The coordinate (138, 3030) is outside the raster data object of bounds (148 x 83) bounds and outside the geo bounding box Box[9.293913645, 54.457824784 : 10.037852223071999, 54.876702747018]!') 
[ERROR] 2023-01-05 17:24:41,704 | Mars.Core.Executor.Implementation.StepExecutionUseCase - Specified argument was out of the range of valid values. (Parameter 'The coordinate (174, 3559) is outside the raster data object of bounds (148 x 83) bounds and outside the geo bounding box Box[9.293913645, 54.457824784 : 10.037852223071999, 54.876702747018]!') 
[ERROR] 2023-01-05 17:24:41,706 | Mars.Core.Executor.Implementation.StepExecutionUseCase - Specified argument was out of the range of valid values. (Parameter 'The coordinate (184, 4034) is outside the raster data object of bounds (148 x 83) bounds and outside the geo bounding box Box[9.293913645, 54.457824784 : 10.037852223071999, 54.876702747018]!') 
[ERROR] 2023-01-05 17:24:41,707 | Mars.Core.Executor.Implementation.StepExecutionUseCase - Specified argument was out of the range of valid values. (Parameter 'The coordinate (207, 4536) is outside the raster data object of bounds (148 x 83) bounds and outside the geo bounding box Box[9.293913645, 54.457824784 : 10.037852223071999, 54.876702747018]!') 
[ERROR] 2023-01-05 17:24:41,708 | Mars.Core.Executor.Implementation.StepExecutionUseCase - Specified argument was out of the range of valid values. (Parameter 'The coordinate (373, 5038) is outside the raster data object of bounds (148 x 83) bounds and outside the geo bounding box Box[9.293913645, 54.457824784 : 10.037852223071999, 54.876702747018]!') 
[ERROR] 2023-01-05 17:24:41,709 | Mars.Core.Executor.Implementation.StepExecutionUseCase - Specified argument was out of the range of valid values. (Parameter 'The coordinate (253, 5540) is outside the raster data object of bounds (148 x 83) bounds and outside the geo bounding box Box[9.293913645, 54.457824784 : 10.037852223071999, 54.876702747018]!') 
[ERROR] 2023-01-05 17:24:41,710 | Mars.Core.Executor.Implementation.StepExecutionUseCase - Specified argument was out of the range of valid values. (Parameter 'The coordinate (276, 6042) is outside the raster data object of bounds (148 x 83) bounds and outside the geo bounding box Box[9.293913645, 54.457824784 : 10.037852223071999, 54.876702747018]!') 
[ERROR] 2023-01-05 17:24:41,711 | Mars.Core.Executor.Implementation.StepExecutionUseCase - Specified argument was out of the range of valid values. (Parameter 'The coordinate (299, 6544) is outside the raster data object of bounds (148 x 83) bounds and outside the geo bounding box Box[9.293913645, 54.457824784 : 10.037852223071999, 54.876702747018]!') 
[ERROR] 2023-01-05 17:24:41,712 | Mars.Core.Executor.Implementation.StepExecutionUseCase - Specified argument was out of the range of valid values. (Parameter 'The coordinate (322, 7046) is outside the raster data object of bounds (148 x 83) bounds and outside the geo bounding box Box[9.293913645, 54.457824784 : 10.037852223071999, 54.876702747018]!') 
[ERROR] 2023-01-05 17:24:41,714 | Mars.Core.Executor.Implementation.StepExecutionUseCase - Specified argument was out of the range of valid values. (Parameter 'The coordinate (345, 7548) is outside the raster data object of bounds (148 x 83) bounds and outside the geo bounding box Box[9.293913645, 54.457824784 : 10.037852223071999, 54.876702747018]!') 
[ERROR] 2023-01-05 17:24:41,715 | Mars.Core.Executor.Implementation.StepExecutionUseCase - Specified argument was out of the range of valid values. (Parameter 'The coordinate (368, 8050) is outside the raster data object of bounds (148 x 83) bounds and outside the geo bounding box Box[9.293913645, 54.457824784 : 10.037852223071999, 54.876702747018]!') 
[ERROR] 2023-01-05 17:24:41,716 | Mars.Core.Executor.Implementation.StepExecutionUseCase - Specified argument was out of the range of valid values. (Parameter 'The coordinate (391, 8552) is outside the raster data object of bounds (148 x 83) bounds and outside the geo bounding box Box[9.293913645, 54.457824784 : 10.037852223071999, 54.876702747018]!') 
[ERROR] 2023-01-05 17:24:41,717 | Mars.Core.Executor.Implementation.StepExecutionUseCase - Specified argument was out of the range of valid values. (Parameter 'The coordinate (414, 9054) is outside the raster data object of bounds (148 x 83) bounds and outside the geo bounding box Box[9.293913645, 54.457824784 : 10.037852223071999, 54.876702747018]!') 
[ERROR] 2023-01-05 17:24:41,720 | Mars.Core.Executor.Implementation.StepExecutionUseCase - Specified argument was out of the range of valid values. (Parameter 'The coordinate (450, 9583) is outside the raster data object of bounds (148 x 83) bounds and outside the geo bounding box Box[9.293913645, 54.457824784 : 10.037852223071999, 54.876702747018]!') 
[ERROR] 2023-01-05 17:24:41,721 | Mars.Core.Executor.Implementation.StepExecutionUseCase - Specified argument was out of the range of valid values. (Parameter 'The coordinate (473, 10085) is outside the raster data object of bounds (148 x 83) bounds and outside the geo bounding box Box[9.293913645, 54.457824784 : 10.037852223071999, 54.876702747018]!') 
[ERROR] 2023-01-05 17:24:41,723 | Mars.Core.Executor.Implementation.StepExecutionUseCase - Specified argument was out of the range of valid values. (Parameter 'The coordinate (483, 10560) is outside the raster data object of bounds (148 x 83) bounds and outside the geo bounding box Box[9.293913645, 54.457824784 : 10.037852223071999, 54.876702747018]!') 
[ERROR] 2023-01-05 17:24:41,724 | Mars.Core.Executor.Implementation.StepExecutionUseCase - Specified argument was out of the range of valid values. (Parameter 'The coordinate (519, 11089) is outside the raster data object of bounds (148 x 83) bounds and outside the geo bounding box Box[9.293913645, 54.457824784 : 10.037852223071999, 54.876702747018]!') 
[ERROR] 2023-01-05 17:24:41,725 | Mars.Core.Executor.Implementation.StepExecutionUseCase - Specified argument was out of the range of valid values. (Parameter 'The coordinate (542, 11591) is outside the raster data object of bounds (148 x 83) bounds and outside the geo bounding box Box[9.293913645, 54.457824784 : 10.037852223071999, 54.876702747018]!') 
[ERROR] 2023-01-05 17:24:41,726 | Mars.Core.Executor.Implementation.StepExecutionUseCase - Specified argument was out of the range of valid values. (Parameter 'The coordinate (552, 12066) is outside the raster data object of bounds (148 x 83) bounds and outside the geo bounding box Box[9.293913645, 54.457824784 : 10.037852223071999, 54.876702747018]!') 
[ERROR] 2023-01-05 17:24:41,727 | Mars.Core.Executor.Implementation.StepExecutionUseCase - Specified argument was out of the range of valid values. (Parameter 'The coordinate (575, 12568) is outside the raster data object of bounds (148 x 83) bounds and outside the geo bounding box Box[9.293913645, 54.457824784 : 10.037852223071999, 54.876702747018]!') 
[ERROR] 2023-01-05 17:24:41,728 | Mars.Core.Executor.Implementation.StepExecutionUseCase - Specified argument was out of the range of valid values. (Parameter 'The coordinate (598, 13070) is outside the raster data object of bounds (148 x 83) bounds and outside the geo bounding box Box[9.293913645, 54.457824784 : 10.037852223071999, 54.876702747018]!') 
[ERROR] 2023-01-05 17:24:41,729 | Mars.Core.Executor.Implementation.StepExecutionUseCase - Specified argument was out of the range of valid values. (Parameter 'The coordinate (621, 13572) is outside the raster data object of bounds (148 x 83) bounds and outside the geo bounding box Box[9.293913645, 54.457824784 : 10.037852223071999, 54.876702747018]!') 
[ERROR] 2023-01-05 17:24:41,730 | Mars.Core.Executor.Implementation.StepExecutionUseCase - Specified argument was out of the range of valid values. (Parameter 'The coordinate (644, 14074) is outside the raster data object of bounds (148 x 83) bounds and outside the geo bounding box Box[9.293913645, 54.457824784 : 10.037852223071999, 54.876702747018]!') 
[ERROR] 2023-01-05 17:24:41,731 | Mars.Core.Executor.Implementation.StepExecutionUseCase - Specified argument was out of the range of valid values. (Parameter 'The coordinate (667, 14576) is outside the raster data object of bounds (148 x 83) bounds and outside the geo bounding box Box[9.293913645, 54.457824784 : 10.037852223071999, 54.876702747018]!') 
[ERROR] 2023-01-05 17:24:41,733 | Mars.Core.Executor.Implementation.StepExecutionUseCase - Specified argument was out of the range of valid values. (Parameter 'The coordinate (690, 15078) is outside the raster data object of bounds (148 x 83) bounds and outside the geo bounding box Box[9.293913645, 54.457824784 : 10.037852223071999, 54.876702747018]!') 
[ERROR] 2023-01-05 17:24:41,734 | Mars.Core.Executor.Implementation.StepExecutionUseCase - Specified argument was out of the range of valid values. (Parameter 'The coordinate (713, 15580) is outside the raster data object of bounds (148 x 83) bounds and outside the geo bounding box Box[9.293913645, 54.457824784 : 10.037852223071999, 54.876702747018]!') 
[ERROR] 2023-01-05 17:24:41,735 | Mars.Core.Executor.Implementation.StepExecutionUseCase - Specified argument was out of the range of valid values. (Parameter 'The coordinate (749, 16109) is outside the raster data object of bounds (148 x 83) bounds and outside the geo bounding box Box[9.293913645, 54.457824784 : 10.037852223071999, 54.876702747018]!') 
[ERROR] 2023-01-05 17:24:41,736 | Mars.Core.Executor.Implementation.StepExecutionUseCase - Specified argument was out of the range of valid values. (Parameter 'The coordinate (759, 16584) is outside the raster data object of bounds (148 x 83) bounds and outside the geo bounding box Box[9.293913645, 54.457824784 : 10.037852223071999, 54.876702747018]!') 
[ERROR] 2023-01-05 17:24:41,737 | Mars.Core.Executor.Implementation.StepExecutionUseCase - Specified argument was out of the range of valid values. (Parameter 'The coordinate (925, 17086) is outside the raster data object of bounds (148 x 83) bounds and outside the geo bounding box Box[9.293913645, 54.457824784 : 10.037852223071999, 54.876702747018]!') 
[ERROR] 2023-01-05 17:24:41,738 | Mars.Core.Executor.Implementation.StepExecutionUseCase - Specified argument was out of the range of valid values. (Parameter 'The coordinate (805, 17588) is outside the raster data object of bounds (148 x 83) bounds and outside the geo bounding box Box[9.293913645, 54.457824784 : 10.037852223071999, 54.876702747018]!') 
[ERROR] 2023-01-05 17:24:41,739 | Mars.Core.Executor.Implementation.StepExecutionUseCase - Specified argument was out of the range of valid values. (Parameter 'The coordinate (828, 18090) is outside the raster data object of bounds (148 x 83) bounds and outside the geo bounding box Box[9.293913645, 54.457824784 : 10.037852223071999, 54.876702747018]!') 
[ERROR] 2023-01-05 17:24:41,741 | Mars.Core.Executor.Implementation.StepExecutionUseCase - Specified argument was out of the range of valid values. (Parameter 'The coordinate (851, 18592) is outside the raster data object of bounds (148 x 83) bounds and outside the geo bounding box Box[9.293913645, 54.457824784 : 10.037852223071999, 54.876702747018]!') 
[ERROR] 2023-01-05 17:24:41,742 | Mars.Core.Executor.Implementation.StepExecutionUseCase - Specified argument was out of the range of valid values. (Parameter 'The coordinate (874, 19094) is outside the raster data object of bounds (148 x 83) bounds and outside the geo bounding box Box[9.293913645, 54.457824784 : 10.037852223071999, 54.876702747018]!') 
[ERROR] 2023-01-05 17:24:41,743 | Mars.Core.Executor.Implementation.StepExecutionUseCase - Specified argument was out of the range of valid values. (Parameter 'The coordinate (897, 19596) is outside the raster data object of bounds (148 x 83) bounds and outside the geo bounding box Box[9.293913645, 54.457824784 : 10.037852223071999, 54.876702747018]!') 
[ERROR] 2023-01-05 17:24:41,744 | Mars.Core.Executor.Implementation.StepExecutionUseCase - Specified argument was out of the range of valid values. (Parameter 'The coordinate (1063, 20098) is outside the raster data object of bounds (148 x 83) bounds and outside the geo bounding box Box[9.293913645, 54.457824784 : 10.037852223071999, 54.876702747018]!') 
[ERROR] 2023-01-05 17:24:41,751 | Mars.Core.Executor.Implementation.StepExecutionUseCase - Specified argument was out of the range of valid values. (Parameter 'The coordinate (943, 20600) is outside the raster data object of bounds (148 x 83) bounds and outside the geo bounding box Box[9.293913645, 54.457824784 : 10.037852223071999, 54.876702747018]!') 
[ERROR] 2023-01-05 17:24:41,752 | Mars.Core.Executor.Implementation.StepExecutionUseCase - Specified argument was out of the range of valid values. (Parameter 'The coordinate (979, 21129) is outside the raster data object of bounds (148 x 83) bounds and outside the geo bounding box Box[9.293913645, 54.457824784 : 10.037852223071999, 54.876702747018]!') 
[ERROR] 2023-01-05 17:24:41,753 | Mars.Core.Executor.Implementation.StepExecutionUseCase - Specified argument was out of the range of valid values. (Parameter 'The coordinate (989, 21604) is outside the raster data object of bounds (148 x 83) bounds and outside the geo bounding box Box[9.293913645, 54.457824784 : 10.037852223071999, 54.876702747018]!') 
[ERROR] 2023-01-05 17:24:41,755 | Mars.Core.Executor.Implementation.StepExecutionUseCase - Specified argument was out of the range of valid values. (Parameter 'The coordinate (1012, 22106) is outside the raster data object of bounds (148 x 83) bounds and outside the geo bounding box Box[9.293913645, 54.457824784 : 10.037852223071999, 54.876702747018]!') 
[ERROR] 2023-01-05 17:24:41,756 | Mars.Core.Executor.Implementation.StepExecutionUseCase - Specified argument was out of the range of valid values. (Parameter 'The coordinate (1035, 22608) is outside the raster data object of bounds (148 x 83) bounds and outside the geo bounding box Box[9.293913645, 54.457824784 : 10.037852223071999, 54.876702747018]!') 
[ERROR] 2023-01-05 17:24:41,757 | Mars.Core.Executor.Implementation.StepExecutionUseCase - Specified argument was out of the range of valid values. (Parameter 'The coordinate (1058, 23110) is outside the raster data object of bounds (148 x 83) bounds and outside the geo bounding box Box[9.293913645, 54.457824784 : 10.037852223071999, 54.876702747018]!') 
[ERROR] 2023-01-05 17:24:41,758 | Mars.Core.Executor.Implementation.StepExecutionUseCase - Specified argument was out of the range of valid values. (Parameter 'The coordinate (1081, 23612) is outside the raster data object of bounds (148 x 83) bounds and outside the geo bounding box Box[9.293913645, 54.457824784 : 10.037852223071999, 54.876702747018]!') 
[ERROR] 2023-01-05 17:24:41,759 | Mars.Core.Executor.Implementation.StepExecutionUseCase - Specified argument was out of the range of valid values. (Parameter 'The coordinate (1104, 24114) is outside the raster data object of bounds (148 x 83) bounds and outside the geo bounding box Box[9.293913645, 54.457824784 : 10.037852223071999, 54.876702747018]!') 
[ERROR] 2023-01-05 17:24:41,760 | Mars.Core.Executor.Implementation.StepExecutionUseCase - Specified argument was out of the range of valid values. (Parameter 'The coordinate (1127, 24616) is outside the raster data object of bounds (148 x 83) bounds and outside the geo bounding box Box[9.293913645, 54.457824784 : 10.037852223071999, 54.876702747018]!') 
[ERROR] 2023-01-05 17:24:41,761 | Mars.Core.Executor.Implementation.StepExecutionUseCase - Specified argument was out of the range of valid values. (Parameter 'The coordinate (1150, 25118) is outside the raster data object of bounds (148 x 83) bounds and outside the geo bounding box Box[9.293913645, 54.457824784 : 10.037852223071999, 54.876702747018]!') 
[ERROR] 2023-01-05 17:24:41,762 | Mars.Core.Executor.Implementation.StepExecutionUseCase - Specified argument was out of the range of valid values. (Parameter 'The coordinate (1186, 25647) is outside the raster data object of bounds (148 x 83) bounds and outside the geo bounding box Box[9.293913645, 54.457824784 : 10.037852223071999, 54.876702747018]!') 
[ERROR] 2023-01-05 17:24:41,763 | Mars.Core.Executor.Implementation.StepExecutionUseCase - Specified argument was out of the range of valid values. (Parameter 'The coordinate (1209, 26149) is outside the raster data object of bounds (148 x 83) bounds and outside the geo bounding box Box[9.293913645, 54.457824784 : 10.037852223071999, 54.876702747018]!') 
[ERROR] 2023-01-05 17:24:41,764 | Mars.Core.Executor.Implementation.StepExecutionUseCase - Specified argument was out of the range of valid values. (Parameter 'The coordinate (1219, 26624) is outside the raster data object of bounds (148 x 83) bounds and outside the geo bounding box Box[9.293913645, 54.457824784 : 10.037852223071999, 54.876702747018]!') 
[ERROR] 2023-01-05 17:24:41,765 | Mars.Core.Executor.Implementation.StepExecutionUseCase - Specified argument was out of the range of valid values. (Parameter 'The coordinate (1255, 27153) is outside the raster data object of bounds (148 x 83) bounds and outside the geo bounding box Box[9.293913645, 54.457824784 : 10.037852223071999, 54.876702747018]!') 
[ERROR] 2023-01-05 17:24:41,766 | Mars.Core.Executor.Implementation.StepExecutionUseCase - Specified argument was out of the range of valid values. (Parameter 'The coordinate (1265, 27628) is outside the raster data object of bounds (148 x 83) bounds and outside the geo bounding box Box[9.293913645, 54.457824784 : 10.037852223071999, 54.876702747018]!') 
[ERROR] 2023-01-05 17:24:41,767 | Mars.Core.Executor.Implementation.StepExecutionUseCase - Specified argument was out of the range of valid values. (Parameter 'The coordinate (1288, 28130) is outside the raster data object of bounds (148 x 83) bounds and outside the geo bounding box Box[9.293913645, 54.457824784 : 10.037852223071999, 54.876702747018]!') 
[ERROR] 2023-01-05 17:24:41,768 | Mars.Core.Executor.Implementation.StepExecutionUseCase - Specified argument was out of the range of valid values. (Parameter 'The coordinate (1311, 28632) is outside the raster data object of bounds (148 x 83) bounds and outside the geo bounding box Box[9.293913645, 54.457824784 : 10.037852223071999, 54.876702747018]!') 
[ERROR] 2023-01-05 17:24:41,770 | Mars.Core.Executor.Implementation.StepExecutionUseCase - Specified argument was out of the range of valid values. (Parameter 'The coordinate (1347, 29161) is outside the raster data object of bounds (148 x 83) bounds and outside the geo bounding box Box[9.293913645, 54.457824784 : 10.037852223071999, 54.876702747018]!') 
[ERROR] 2023-01-05 17:24:41,771 | Mars.Core.Executor.Implementation.StepExecutionUseCase - Specified argument was out of the range of valid values. (Parameter 'The coordinate (1357, 29636) is outside the raster data object of bounds (148 x 83) bounds and outside the geo bounding box Box[9.293913645, 54.457824784 : 10.037852223071999, 54.876702747018]!') 
[ERROR] 2023-01-05 17:24:41,772 | Mars.Core.Executor.Implementation.StepExecutionUseCase - Specified argument was out of the range of valid values. (Parameter 'The coordinate (1380, 30138) is outside the raster data object of bounds (148 x 83) bounds and outside the geo bounding box Box[9.293913645, 54.457824784 : 10.037852223071999, 54.876702747018]!') 
[ERROR] 2023-01-05 17:24:41,773 | Mars.Core.Executor.Implementation.StepExecutionUseCase - Specified argument was out of the range of valid values. (Parameter 'The coordinate (1403, 30640) is outside the raster data object of bounds (148 x 83) bounds and outside the geo bounding box Box[9.293913645, 54.457824784 : 10.037852223071999, 54.876702747018]!') 
[ERROR] 2023-01-05 17:24:41,774 | Mars.Core.Executor.Implementation.StepExecutionUseCase - Specified argument was out of the range of valid values. (Parameter 'The coordinate (1426, 31142) is outside the raster data object of bounds (148 x 83) bounds and outside the geo bounding box Box[9.293913645, 54.457824784 : 10.037852223071999, 54.876702747018]!') 
[ERROR] 2023-01-05 17:24:41,775 | Mars.Core.Executor.Implementation.StepExecutionUseCase - Specified argument was out of the range of valid values. (Parameter 'The coordinate (1449, 31644) is outside the raster data object of bounds (148 x 83) bounds and outside the geo bounding box Box[9.293913645, 54.457824784 : 10.037852223071999, 54.876702747018]!') 
[ERROR] 2023-01-05 17:24:41,777 | Mars.Core.Executor.Implementation.StepExecutionUseCase - Specified argument was out of the range of valid values. (Parameter 'The coordinate (1472, 32146) is outside the raster data object of bounds (148 x 83) bounds and outside the geo bounding box Box[9.293913645, 54.457824784 : 10.037852223071999, 54.876702747018]!') 
[ERROR] 2023-01-05 17:24:41,778 | Mars.Core.Executor.Implementation.StepExecutionUseCase - Specified argument was out of the range of valid values. (Parameter 'The coordinate (1495, 32648) is outside the raster data object of bounds (148 x 83) bounds and outside the geo bounding box Box[9.293913645, 54.457824784 : 10.037852223071999, 54.876702747018]!') 
[ERROR] 2023-01-05 17:24:41,779 | Mars.Core.Executor.Implementation.StepExecutionUseCase - Specified argument was out of the range of valid values. (Parameter 'The coordinate (1531, 33177) is outside the raster data object of bounds (148 x 83) bounds and outside the geo bounding box Box[9.293913645, 54.457824784 : 10.037852223071999, 54.876702747018]!') 
[ERROR] 2023-01-05 17:24:41,780 | Mars.Core.Executor.Implementation.StepExecutionUseCase - Specified argument was out of the range of valid values. (Parameter 'The coordinate (1541, 33652) is outside the raster data object of bounds (148 x 83) bounds and outside the geo bounding box Box[9.293913645, 54.457824784 : 10.037852223071999, 54.876702747018]!') 
[ERROR] 2023-01-05 17:24:41,781 | Mars.Core.Executor.Implementation.StepExecutionUseCase - Specified argument was out of the range of valid values. (Parameter 'The coordinate (1564, 34154) is outside the raster data object of bounds (148 x 83) bounds and outside the geo bounding box Box[9.293913645, 54.457824784 : 10.037852223071999, 54.876702747018]!') 
[ERROR] 2023-01-05 17:24:41,783 | Mars.Core.Executor.Implementation.StepExecutionUseCase - Specified argument was out of the range of valid values. (Parameter 'The coordinate (1587, 34656) is outside the raster data object of bounds (148 x 83) bounds and outside the geo bounding box Box[9.293913645, 54.457824784 : 10.037852223071999, 54.876702747018]!') 
[ERROR] 2023-01-05 17:24:41,784 | Mars.Core.Executor.Implementation.StepExecutionUseCase - Specified argument was out of the range of valid values. (Parameter 'The coordinate (1610, 35158) is outside the raster data object of bounds (148 x 83) bounds and outside the geo bounding box Box[9.293913645, 54.457824784 : 10.037852223071999, 54.876702747018]!') 
[ERROR] 2023-01-05 17:24:41,785 | Mars.Core.Executor.Implementation.StepExecutionUseCase - Specified argument was out of the range of valid values. (Parameter 'The coordinate (1633, 35660) is outside the raster data object of bounds (148 x 83) bounds and outside the geo bounding box Box[9.293913645, 54.457824784 : 10.037852223071999, 54.876702747018]!') 
[ERROR] 2023-01-05 17:24:41,786 | Mars.Core.Executor.Implementation.StepExecutionUseCase - Specified argument was out of the range of valid values. (Parameter 'The coordinate (1656, 36162) is outside the raster data object of bounds (148 x 83) bounds and outside the geo bounding box Box[9.293913645, 54.457824784 : 10.037852223071999, 54.876702747018]!') 
[ERROR] 2023-01-05 17:24:41,787 | Mars.Core.Executor.Implementation.StepExecutionUseCase - Specified argument was out of the range of valid values. (Parameter 'The coordinate (1679, 36664) is outside the raster data object of bounds (148 x 83) bounds and outside the geo bounding box Box[9.293913645, 54.457824784 : 10.037852223071999, 54.876702747018]!') 
[ERROR] 2023-01-05 17:24:41,789 | Mars.Core.Executor.Implementation.StepExecutionUseCase - Specified argument was out of the range of valid values. (Parameter 'The coordinate (1845, 37166) is outside the raster data object of bounds (148 x 83) bounds and outside the geo bounding box Box[9.293913645, 54.457824784 : 10.037852223071999, 54.876702747018]!') 
[ERROR] 2023-01-05 17:24:41,790 | Mars.Core.Executor.Implementation.StepExecutionUseCase - Specified argument was out of the range of valid values. (Parameter 'The coordinate (1725, 37668) is outside the raster data object of bounds (148 x 83) bounds and outside the geo bounding box Box[9.293913645, 54.457824784 : 10.037852223071999, 54.876702747018]!') 
[ERROR] 2023-01-05 17:24:41,791 | Mars.Core.Executor.Implementation.StepExecutionUseCase - Specified argument was out of the range of valid values. (Parameter 'The coordinate (1748, 38170) is outside the raster data object of bounds (148 x 83) bounds and outside the geo bounding box Box[9.293913645, 54.457824784 : 10.037852223071999, 54.876702747018]!') 
[ERROR] 2023-01-05 17:24:41,792 | Mars.Core.Executor.Implementation.StepExecutionUseCase - Specified argument was out of the range of valid values. (Parameter 'The coordinate (1771, 38672) is outside the raster data object of bounds (148 x 83) bounds and outside the geo bounding box Box[9.293913645, 54.457824784 : 10.037852223071999, 54.876702747018]!') 
[ERROR] 2023-01-05 17:24:41,794 | Mars.Core.Executor.Implementation.StepExecutionUseCase - Specified argument was out of the range of valid values. (Parameter 'The coordinate (1937, 39174) is outside the raster data object of bounds (148 x 83) bounds and outside the geo bounding box Box[9.293913645, 54.457824784 : 10.037852223071999, 54.876702747018]!') 
[ERROR] 2023-01-05 17:24:41,795 | Mars.Core.Executor.Implementation.StepExecutionUseCase - Specified argument was out of the range of valid values. (Parameter 'The coordinate (1817, 39676) is outside the raster data object of bounds (148 x 83) bounds and outside the geo bounding box Box[9.293913645, 54.457824784 : 10.037852223071999, 54.876702747018]!') 
[ERROR] 2023-01-05 17:24:41,796 | Mars.Core.Executor.Implementation.StepExecutionUseCase - Specified argument was out of the range of valid values. (Parameter 'The coordinate (1840, 40178) is outside the raster data object of bounds (148 x 83) bounds and outside the geo bounding box Box[9.293913645, 54.457824784 : 10.037852223071999, 54.876702747018]!') 
[ERROR] 2023-01-05 17:24:41,798 | Mars.Core.Executor.Implementation.StepExecutionUseCase - Specified argument was out of the range of valid values. (Parameter 'The coordinate (1863, 40680) is outside the raster data object of bounds (148 x 83) bounds and outside the geo bounding box Box[9.293913645, 54.457824784 : 10.037852223071999, 54.876702747018]!') 
[ERROR] 2023-01-05 17:24:41,799 | Mars.Core.Executor.Implementation.StepExecutionUseCase - Specified argument was out of the range of valid values. (Parameter 'The coordinate (1886, 41182) is outside the raster data object of bounds (148 x 83) bounds and outside the geo bounding box Box[9.293913645, 54.457824784 : 10.037852223071999, 54.876702747018]!') 
[ERROR] 2023-01-05 17:24:41,800 | Mars.Core.Executor.Implementation.StepExecutionUseCase - Specified argument was out of the range of valid values. (Parameter 'The coordinate (1909, 41684) is outside the raster data object of bounds (148 x 83) bounds and outside the geo bounding box Box[9.293913645, 54.457824784 : 10.037852223071999, 54.876702747018]!') 
[ERROR] 2023-01-05 17:24:41,801 | Mars.Core.Executor.Implementation.StepExecutionUseCase - Specified argument was out of the range of valid values. (Parameter 'The coordinate (1932, 42186) is outside the raster data object of bounds (148 x 83) bounds and outside the geo bounding box Box[9.293913645, 54.457824784 : 10.037852223071999, 54.876702747018]!') 
[ERROR] 2023-01-05 17:24:41,802 | Mars.Core.Executor.Implementation.StepExecutionUseCase - Specified argument was out of the range of valid values. (Parameter 'The coordinate (1955, 42688) is outside the raster data object of bounds (148 x 83) bounds and outside the geo bounding box Box[9.293913645, 54.457824784 : 10.037852223071999, 54.876702747018]!') 
[ERROR] 2023-01-05 17:24:41,803 | Mars.Core.Executor.Implementation.StepExecutionUseCase - Specified argument was out of the range of valid values. (Parameter 'The coordinate (1978, 43190) is outside the raster data object of bounds (148 x 83) bounds and outside the geo bounding box Box[9.293913645, 54.457824784 : 10.037852223071999, 54.876702747018]!') 
[ERROR] 2023-01-05 17:24:41,804 | Mars.Core.Executor.Implementation.StepExecutionUseCase - Specified argument was out of the range of valid values. (Parameter 'The coordinate (2014, 43719) is outside the raster data object of bounds (148 x 83) bounds and outside the geo bounding box Box[9.293913645, 54.457824784 : 10.037852223071999, 54.876702747018]!') 
[ERROR] 2023-01-05 17:24:41,805 | Mars.Core.Executor.Implementation.StepExecutionUseCase - Specified argument was out of the range of valid values. (Parameter 'The coordinate (2024, 44194) is outside the raster data object of bounds (148 x 83) bounds and outside the geo bounding box Box[9.293913645, 54.457824784 : 10.037852223071999, 54.876702747018]!') 
[ERROR] 2023-01-05 17:24:41,806 | Mars.Core.Executor.Implementation.StepExecutionUseCase - Specified argument was out of the range of valid values. (Parameter 'The coordinate (2047, 44696) is outside the raster data object of bounds (148 x 83) bounds and outside the geo bounding box Box[9.293913645, 54.457824784 : 10.037852223071999, 54.876702747018]!') 
[ERROR] 2023-01-05 17:24:41,808 | Mars.Core.Executor.Implementation.StepExecutionUseCase - Specified argument was out of the range of valid values. (Parameter 'The coordinate (2213, 45198) is outside the raster data object of bounds (148 x 83) bounds and outside the geo bounding box Box[9.293913645, 54.457824784 : 10.037852223071999, 54.876702747018]!') 
[ERROR] 2023-01-05 17:24:41,809 | Mars.Core.Executor.Implementation.StepExecutionUseCase - Specified argument was out of the range of valid values. (Parameter 'The coordinate (2106, 45727) is outside the raster data object of bounds (148 x 83) bounds and outside the geo bounding box Box[9.293913645, 54.457824784 : 10.037852223071999, 54.876702747018]!') 
[ERROR] 2023-01-05 17:24:41,810 | Mars.Core.Executor.Implementation.StepExecutionUseCase - Specified argument was out of the range of valid values. (Parameter 'The coordinate (2116, 46202) is outside the raster data object of bounds (148 x 83) bounds and outside the geo bounding box Box[9.293913645, 54.457824784 : 10.037852223071999, 54.876702747018]!') 
[ERROR] 2023-01-05 17:24:41,811 | Mars.Core.Executor.Implementation.StepExecutionUseCase - Specified argument was out of the range of valid values. (Parameter 'The coordinate (2139, 46704) is outside the raster data object of bounds (148 x 83) bounds and outside the geo bounding box Box[9.293913645, 54.457824784 : 10.037852223071999, 54.876702747018]!') 
[ERROR] 2023-01-05 17:24:41,812 | Mars.Core.Executor.Implementation.StepExecutionUseCase - Specified argument was out of the range of valid values. (Parameter 'The coordinate (2162, 47206) is outside the raster data object of bounds (148 x 83) bounds and outside the geo bounding box Box[9.293913645, 54.457824784 : 10.037852223071999, 54.876702747018]!') 
[ERROR] 2023-01-05 17:24:41,813 | Mars.Core.Executor.Implementation.StepExecutionUseCase - Specified argument was out of the range of valid values. (Parameter 'The coordinate (2185, 47708) is outside the raster data object of bounds (148 x 83) bounds and outside the geo bounding box Box[9.293913645, 54.457824784 : 10.037852223071999, 54.876702747018]!') 
[ERROR] 2023-01-05 17:24:41,814 | Mars.Core.Executor.Implementation.StepExecutionUseCase - Specified argument was out of the range of valid values. (Parameter 'The coordinate (2208, 48210) is outside the raster data object of bounds (148 x 83) bounds and outside the geo bounding box Box[9.293913645, 54.457824784 : 10.037852223071999, 54.876702747018]!') 
[ERROR] 2023-01-05 17:24:41,815 | Mars.Core.Executor.Implementation.StepExecutionUseCase - Specified argument was out of the range of valid values. (Parameter 'The coordinate (2231, 48712) is outside the raster data object of bounds (148 x 83) bounds and outside the geo bounding box Box[9.293913645, 54.457824784 : 10.037852223071999, 54.876702747018]!') 
[ERROR] 2023-01-05 17:24:41,816 | Mars.Core.Executor.Implementation.StepExecutionUseCase - Specified argument was out of the range of valid values. (Parameter 'The coordinate (2254, 49214) is outside the raster data object of bounds (148 x 83) bounds and outside the geo bounding box Box[9.293913645, 54.457824784 : 10.037852223071999, 54.876702747018]!') 
[ERROR] 2023-01-05 17:24:41,818 | Mars.Core.Executor.Implementation.StepExecutionUseCase - Specified argument was out of the range of valid values. (Parameter 'The coordinate (2277, 49716) is outside the raster data object of bounds (148 x 83) bounds and outside the geo bounding box Box[9.293913645, 54.457824784 : 10.037852223071999, 54.876702747018]!') 
[ERROR] 2023-01-05 17:24:41,819 | Mars.Core.Executor.Implementation.StepExecutionUseCase - Specified argument was out of the range of valid values. (Parameter 'The coordinate (2300, 50218) is outside the raster data object of bounds (148 x 83) bounds and outside the geo bounding box Box[9.293913645, 54.457824784 : 10.037852223071999, 54.876702747018]!') 
[ERROR] 2023-01-05 17:24:41,820 | Mars.Core.Executor.Implementation.StepExecutionUseCase - Specified argument was out of the range of valid values. (Parameter 'The coordinate (2323, 50720) is outside the raster data object of bounds (148 x 83) bounds and outside the geo bounding box Box[9.293913645, 54.457824784 : 10.037852223071999, 54.876702747018]!') 
[ERROR] 2023-01-05 17:24:41,821 | Mars.Core.Executor.Implementation.StepExecutionUseCase - Specified argument was out of the range of valid values. (Parameter 'The coordinate (2359, 51249) is outside the raster data object of bounds (148 x 83) bounds and outside the geo bounding box Box[9.293913645, 54.457824784 : 10.037852223071999, 54.876702747018]!') 
[ERROR] 2023-01-05 17:24:41,822 | Mars.Core.Executor.Implementation.StepExecutionUseCase - Specified argument was out of the range of valid values. (Parameter 'The coordinate (2369, 51724) is outside the raster data object of bounds (148 x 83) bounds and outside the geo bounding box Box[9.293913645, 54.457824784 : 10.037852223071999, 54.876702747018]!') 
[ERROR] 2023-01-05 17:24:41,823 | Mars.Core.Executor.Implementation.StepExecutionUseCase - Specified argument was out of the range of valid values. (Parameter 'The coordinate (2392, 52226) is outside the raster data object of bounds (148 x 83) bounds and outside the geo bounding box Box[9.293913645, 54.457824784 : 10.037852223071999, 54.876702747018]!') 
[ERROR] 2023-01-05 17:24:41,824 | Mars.Core.Executor.Implementation.StepExecutionUseCase - Specified argument was out of the range of valid values. (Parameter 'The coordinate (2415, 52728) is outside the raster data object of bounds (148 x 83) bounds and outside the geo bounding box Box[9.293913645, 54.457824784 : 10.037852223071999, 54.876702747018]!') 
[ERROR] 2023-01-05 17:24:41,826 | Mars.Core.Executor.Implementation.StepExecutionUseCase - Specified argument was out of the range of valid values. (Parameter 'The coordinate (2438, 53230) is outside the raster data object of bounds (148 x 83) bounds and outside the geo bounding box Box[9.293913645, 54.457824784 : 10.037852223071999, 54.876702747018]!') 
[ERROR] 2023-01-05 17:24:41,827 | Mars.Core.Executor.Implementation.StepExecutionUseCase - Specified argument was out of the range of valid values. (Parameter 'The coordinate (2461, 53732) is outside the raster data object of bounds (148 x 83) bounds and outside the geo bounding box Box[9.293913645, 54.457824784 : 10.037852223071999, 54.876702747018]!') 
[ERROR] 2023-01-05 17:24:41,828 | Mars.Core.Executor.Implementation.StepExecutionUseCase - Specified argument was out of the range of valid values. (Parameter 'The coordinate (2484, 54234) is outside the raster data object of bounds (148 x 83) bounds and outside the geo bounding box Box[9.293913645, 54.457824784 : 10.037852223071999, 54.876702747018]!') 
[ERROR] 2023-01-05 17:24:41,829 | Mars.Core.Executor.Implementation.StepExecutionUseCase - Specified argument was out of the range of valid values. (Parameter 'The coordinate (2507, 54736) is outside the raster data object of bounds (148 x 83) bounds and outside the geo bounding box Box[9.293913645, 54.457824784 : 10.037852223071999, 54.876702747018]!') 
[ERROR] 2023-01-05 17:24:41,830 | Mars.Core.Executor.Implementation.StepExecutionUseCase - Specified argument was out of the range of valid values. (Parameter 'The coordinate (2530, 55238) is outside the raster data object of bounds (148 x 83) bounds and outside the geo bounding box Box[9.293913645, 54.457824784 : 10.037852223071999, 54.876702747018]!') 
[ERROR] 2023-01-05 17:24:41,831 | Mars.Core.Executor.Implementation.StepExecutionUseCase - Specified argument was out of the range of valid values. (Parameter 'The coordinate (2553, 55740) is outside the raster data object of bounds (148 x 83) bounds and outside the geo bounding box Box[9.293913645, 54.457824784 : 10.037852223071999, 54.876702747018]!') 
[ERROR] 2023-01-05 17:24:41,832 | Mars.Core.Executor.Implementation.StepExecutionUseCase - Specified argument was out of the range of valid values. (Parameter 'The coordinate (2576, 56242) is outside the raster data object of bounds (148 x 83) bounds and outside the geo bounding box Box[9.293913645, 54.457824784 : 10.037852223071999, 54.876702747018]!') 
[ERROR] 2023-01-05 17:24:41,833 | Mars.Core.Executor.Implementation.StepExecutionUseCase - Specified argument was out of the range of valid values. (Parameter 'The coordinate (2599, 56744) is outside the raster data object of bounds (148 x 83) bounds and outside the geo bounding box Box[9.293913645, 54.457824784 : 10.037852223071999, 54.876702747018]!') 
[ERROR] 2023-01-05 17:24:41,834 | Mars.Core.Executor.Implementation.StepExecutionUseCase - Specified argument was out of the range of valid values. (Parameter 'The coordinate (2622, 57246) is outside the raster data object of bounds (148 x 83) bounds and outside the geo bounding box Box[9.293913645, 54.457824784 : 10.037852223071999, 54.876702747018]!') 
[ERROR] 2023-01-05 17:24:41,835 | Mars.Core.Executor.Implementation.StepExecutionUseCase - Specified argument was out of the range of valid values. (Parameter 'The coordinate (2645, 57748) is outside the raster data object of bounds (148 x 83) bounds and outside the geo bounding box Box[9.293913645, 54.457824784 : 10.037852223071999, 54.876702747018]!') 
[ERROR] 2023-01-05 17:24:41,837 | Mars.Core.Executor.Implementation.StepExecutionUseCase - Specified argument was out of the range of valid values. (Parameter 'The coordinate (2668, 58250) is outside the raster data object of bounds (148 x 83) bounds and outside the geo bounding box Box[9.293913645, 54.457824784 : 10.037852223071999, 54.876702747018]!') 
[ERROR] 2023-01-05 17:24:41,838 | Mars.Core.Executor.Implementation.StepExecutionUseCase - Specified argument was out of the range of valid values. (Parameter 'The coordinate (2691, 58752) is outside the raster data object of bounds (148 x 83) bounds and outside the geo bounding box Box[9.293913645, 54.457824784 : 10.037852223071999, 54.876702747018]!') 
[ERROR] 2023-01-05 17:26:20,121 | Mars.Core.Executor.Implementation.StepExecutionUseCase - Collection was modified; enumeration operation may not execute. 
[ERROR] 2023-01-05 17:26:20,140 | Mars.Core.Executor.Implementation.StepExecutionUseCase - Collection was modified; enumeration operation may not execute. 
[ERROR] 2023-01-05 17:26:20,142 | Mars.Core.Executor.Implementation.StepExecutionUseCase - Collection was modified; enumeration operation may not execute. 
[ERROR] 2023-01-05 17:26:20,143 | Mars.Core.Executor.Implementation.StepExecutionUseCase - Collection was modified; enumeration operation may not execute. 
[ERROR] 2023-01-05 17:26:20,144 | Mars.Core.Executor.Implementation.StepExecutionUseCase - Collection was modified; enumeration operation may not execute. 
[ERROR] 2023-01-05 17:26:20,144 | Mars.Core.Executor.Implementation.StepExecutionUseCase - Collection was modified; enumeration operation may not execute. 
[ERROR] 2023-01-05 17:26:20,145 | Mars.Core.Executor.Implementation.StepExecutionUseCase - Collection was modified; enumeration operation may not execute. 
[ERROR] 2023-01-05 17:26:20,146 | Mars.Core.Executor.Implementation.StepExecutionUseCase - Collection was modified; enumeration operation may not execute. 
[ERROR] 2023-01-05 17:26:20,147 | Mars.Core.Executor.Implementation.StepExecutionUseCase - Collection was modified; enumeration operation may not execute. 
[ERROR] 2023-01-05 17:26:20,148 | Mars.Core.Executor.Implementation.StepExecutionUseCase - Collection was modified; enumeration operation may not execute. 
[ERROR] 2023-01-05 17:26:20,149 | Mars.Core.Executor.Implementation.StepExecutionUseCase - Collection was modified; enumeration operation may not execute. 
[ERROR] 2023-01-05 17:26:20,150 | Mars.Core.Executor.Implementation.StepExecutionUseCase - Collection was modified; enumeration operation may not execute. 
[ERROR] 2023-01-05 17:26:20,151 | Mars.Core.Executor.Implementation.StepExecutionUseCase - Collection was modified; enumeration operation may not execute. 
[ERROR] 2023-01-05 17:26:20,151 | Mars.Core.Executor.Implementation.StepExecutionUseCase - Collection was modified; enumeration operation may not execute. 
[ERROR] 2023-01-05 17:26:20,152 | Mars.Core.Executor.Implementation.StepExecutionUseCase - Collection was modified; enumeration operation may not execute. 
[ERROR] 2023-01-05 17:26:20,153 | Mars.Core.Executor.Implementation.StepExecutionUseCase - Collection was modified; enumeration operation may not execute. 
[ERROR] 2023-01-05 17:26:20,154 | Mars.Core.Executor.Implementation.StepExecutionUseCase - Collection was modified; enumeration operation may not execute. 
[ERROR] 2023-01-05 17:26:20,155 | Mars.Core.Executor.Implementation.StepExecutionUseCase - Collection was modified; enumeration operation may not execute. 
[ERROR] 2023-01-05 17:26:20,155 | Mars.Core.Executor.Implementation.StepExecutionUseCase - Collection was modified; enumeration operation may not execute. 
[ERROR] 2023-01-05 17:26:20,156 | Mars.Core.Executor.Implementation.StepExecutionUseCase - Collection was modified; enumeration operation may not execute. 
[ERROR] 2023-01-05 17:26:20,157 | Mars.Core.Executor.Implementation.StepExecutionUseCase - Collection was modified; enumeration operation may not execute. 
[ERROR] 2023-01-05 17:26:20,158 | Mars.Core.Executor.Implementation.StepExecutionUseCase - Collection was modified; enumeration operation may not execute. 
[ERROR] 2023-01-05 17:26:20,159 | Mars.Core.Executor.Implementation.StepExecutionUseCase - Collection was modified; enumeration operation may not execute. 
[ERROR] 2023-01-05 17:26:20,161 | Mars.Core.Executor.Implementation.StepExecutionUseCase - Collection was modified; enumeration operation may not execute. 
[ERROR] 2023-01-05 17:26:20,162 | Mars.Core.Executor.Implementation.StepExecutionUseCase - Collection was modified; enumeration operation may not execute. 
[ERROR] 2023-01-05 17:26:20,163 | Mars.Core.Executor.Implementation.StepExecutionUseCase - Collection was modified; enumeration operation may not execute. 
[ERROR] 2023-01-05 17:26:20,164 | Mars.Core.Executor.Implementation.StepExecutionUseCase - Collection was modified; enumeration operation may not execute. 
[ERROR] 2023-01-05 17:26:20,165 | Mars.Core.Executor.Implementation.StepExecutionUseCase - Collection was modified; enumeration operation may not execute. 
[ERROR] 2023-01-05 17:26:20,167 | Mars.Core.Executor.Implementation.StepExecutionUseCase - Collection was modified; enumeration operation may not execute. 
[ERROR] 2023-01-05 17:26:20,168 | Mars.Core.Executor.Implementation.StepExecutionUseCase - Collection was modified; enumeration operation may not execute. 
[ERROR] 2023-01-05 17:26:20,169 | Mars.Core.Executor.Implementation.StepExecutionUseCase - Collection was modified; enumeration operation may not execute. 
[ERROR] 2023-01-05 17:26:20,169 | Mars.Core.Executor.Implementation.StepExecutionUseCase - Collection was modified; enumeration operation may not execute. 
[ERROR] 2023-01-05 17:26:20,170 | Mars.Core.Executor.Implementation.StepExecutionUseCase - Collection was modified; enumeration operation may not execute. 
[ERROR] 2023-01-05 17:26:20,171 | Mars.Core.Executor.Implementation.StepExecutionUseCase - Collection was modified; enumeration operation may not execute. 
[ERROR] 2023-01-05 17:26:20,172 | Mars.Core.Executor.Implementation.StepExecutionUseCase - Collection was modified; enumeration operation may not execute. 
[ERROR] 2023-01-05 17:26:20,173 | Mars.Core.Executor.Implementation.StepExecutionUseCase - Collection was modified; enumeration operation may not execute. 
[ERROR] 2023-01-05 17:26:20,174 | Mars.Core.Executor.Implementation.StepExecutionUseCase - Collection was modified; enumeration operation may not execute. 
[ERROR] 2023-01-05 17:26:20,175 | Mars.Core.Executor.Implementation.StepExecutionUseCase - Collection was modified; enumeration operation may not execute. 
[ERROR] 2023-01-05 17:26:20,176 | Mars.Core.Executor.Implementation.StepExecutionUseCase - Collection was modified; enumeration operation may not execute. 
[ERROR] 2023-01-05 17:26:20,177 | Mars.Core.Executor.Implementation.StepExecutionUseCase - Collection was modified; enumeration operation may not execute. 
[ERROR] 2023-01-05 17:26:20,178 | Mars.Core.Executor.Implementation.StepExecutionUseCase - Collection was modified; enumeration operation may not execute. 
[ERROR] 2023-01-05 17:26:20,179 | Mars.Core.Executor.Implementation.StepExecutionUseCase - Collection was modified; enumeration operation may not execute. 
[ERROR] 2023-01-05 17:26:20,180 | Mars.Core.Executor.Implementation.StepExecutionUseCase - Collection was modified; enumeration operation may not execute. 
[ERROR] 2023-01-05 17:26:20,181 | Mars.Core.Executor.Implementation.StepExecutionUseCase - Collection was modified; enumeration operation may not execute. 
[ERROR] 2023-01-05 17:26:20,181 | Mars.Core.Executor.Implementation.StepExecutionUseCase - Collection was modified; enumeration operation may not execute. 
[ERROR] 2023-01-05 17:26:20,182 | Mars.Core.Executor.Implementation.StepExecutionUseCase - Collection was modified; enumeration operation may not execute. 
[ERROR] 2023-01-05 17:26:20,183 | Mars.Core.Executor.Implementation.StepExecutionUseCase - Collection was modified; enumeration operation may not execute. 
[ERROR] 2023-01-05 17:26:20,184 | Mars.Core.Executor.Implementation.StepExecutionUseCase - Collection was modified; enumeration operation may not execute. 
[ERROR] 2023-01-05 17:26:20,185 | Mars.Core.Executor.Implementation.StepExecutionUseCase - Collection was modified; enumeration operation may not execute. 
[ERROR] 2023-01-05 17:26:20,186 | Mars.Core.Executor.Implementation.StepExecutionUseCase - Collection was modified; enumeration operation may not execute. 
[ERROR] 2023-01-05 17:26:20,186 | Mars.Core.Executor.Implementation.StepExecutionUseCase - Collection was modified; enumeration operation may not execute. 
[ERROR] 2023-01-05 17:26:20,187 | Mars.Core.Executor.Implementation.StepExecutionUseCase - Collection was modified; enumeration operation may not execute. 
[ERROR] 2023-01-05 17:26:20,188 | Mars.Core.Executor.Implementation.StepExecutionUseCase - Collection was modified; enumeration operation may not execute. 
[ERROR] 2023-01-05 17:26:20,189 | Mars.Core.Executor.Implementation.StepExecutionUseCase - Collection was modified; enumeration operation may not execute. 
[ERROR] 2023-01-05 17:26:20,190 | Mars.Core.Executor.Implementation.StepExecutionUseCase - Collection was modified; enumeration operation may not execute. 
[ERROR] 2023-01-05 17:26:20,191 | Mars.Core.Executor.Implementation.StepExecutionUseCase - Collection was modified; enumeration operation may not execute. 
[ERROR] 2023-01-05 17:26:20,192 | Mars.Core.Executor.Implementation.StepExecutionUseCase - Collection was modified; enumeration operation may not execute. 
[ERROR] 2023-01-05 17:26:20,192 | Mars.Core.Executor.Implementation.StepExecutionUseCase - Collection was modified; enumeration operation may not execute. 
[ERROR] 2023-01-05 17:26:20,193 | Mars.Core.Executor.Implementation.StepExecutionUseCase - Collection was modified; enumeration operation may not execute. 
[ERROR] 2023-01-05 17:26:20,194 | Mars.Core.Executor.Implementation.StepExecutionUseCase - Collection was modified; enumeration operation may not execute. 
[ERROR] 2023-01-05 17:26:20,200 | Mars.Core.Executor.Implementation.StepExecutionUseCase - Collection was modified; enumeration operation may not execute. 
[ERROR] 2023-01-05 17:26:20,201 | Mars.Core.Executor.Implementation.StepExecutionUseCase - Collection was modified; enumeration operation may not execute. 
[ERROR] 2023-01-05 17:26:20,202 | Mars.Core.Executor.Implementation.StepExecutionUseCase - Collection was modified; enumeration operation may not execute. 
[ERROR] 2023-01-05 17:26:20,203 | Mars.Core.Executor.Implementation.StepExecutionUseCase - Collection was modified; enumeration operation may not execute. 
[ERROR] 2023-01-05 17:26:20,204 | Mars.Core.Executor.Implementation.StepExecutionUseCase - Collection was modified; enumeration operation may not execute. 
[ERROR] 2023-01-05 17:26:20,205 | Mars.Core.Executor.Implementation.StepExecutionUseCase - Collection was modified; enumeration operation may not execute. 
[ERROR] 2023-01-05 17:26:20,206 | Mars.Core.Executor.Implementation.StepExecutionUseCase - Collection was modified; enumeration operation may not execute. 
[ERROR] 2023-01-05 17:26:20,207 | Mars.Core.Executor.Implementation.StepExecutionUseCase - Collection was modified; enumeration operation may not execute. 
[ERROR] 2023-01-05 17:26:20,207 | Mars.Core.Executor.Implementation.StepExecutionUseCase - Collection was modified; enumeration operation may not execute. 
[ERROR] 2023-01-05 17:26:20,208 | Mars.Core.Executor.Implementation.StepExecutionUseCase - Collection was modified; enumeration operation may not execute. 
[ERROR] 2023-01-05 17:26:20,209 | Mars.Core.Executor.Implementation.StepExecutionUseCase - Collection was modified; enumeration operation may not execute. 
[ERROR] 2023-01-05 17:26:20,210 | Mars.Core.Executor.Implementation.StepExecutionUseCase - Collection was modified; enumeration operation may not execute. 
[ERROR] 2023-01-05 17:26:20,211 | Mars.Core.Executor.Implementation.StepExecutionUseCase - Collection was modified; enumeration operation may not execute. 
[ERROR] 2023-01-05 17:26:20,212 | Mars.Core.Executor.Implementation.StepExecutionUseCase - Collection was modified; enumeration operation may not execute. 
[ERROR] 2023-01-05 17:26:20,213 | Mars.Core.Executor.Implementation.StepExecutionUseCase - Collection was modified; enumeration operation may not execute. 
[ERROR] 2023-01-05 17:26:20,214 | Mars.Core.Executor.Implementation.StepExecutionUseCase - Collection was modified; enumeration operation may not execute. 
[ERROR] 2023-01-05 17:26:20,214 | Mars.Core.Executor.Implementation.StepExecutionUseCase - Collection was modified; enumeration operation may not execute. 
[ERROR] 2023-01-05 17:26:20,215 | Mars.Core.Executor.Implementation.StepExecutionUseCase - Collection was modified; enumeration operation may not execute. 
[ERROR] 2023-01-05 17:26:20,216 | Mars.Core.Executor.Implementation.StepExecutionUseCase - Collection was modified; enumeration operation may not execute. 
[ERROR] 2023-01-05 17:26:20,217 | Mars.Core.Executor.Implementation.StepExecutionUseCase - Collection was modified; enumeration operation may not execute. 
[ERROR] 2023-01-05 17:26:20,218 | Mars.Core.Executor.Implementation.StepExecutionUseCase - Collection was modified; enumeration operation may not execute. 
[ERROR] 2023-01-05 17:26:20,219 | Mars.Core.Executor.Implementation.StepExecutionUseCase - Collection was modified; enumeration operation may not execute. 
[ERROR] 2023-01-05 17:26:20,220 | Mars.Core.Executor.Implementation.StepExecutionUseCase - Collection was modified; enumeration operation may not execute. 
[ERROR] 2023-01-05 17:26:20,220 | Mars.Core.Executor.Implementation.StepExecutionUseCase - Collection was modified; enumeration operation may not execute. 
[ERROR] 2023-01-05 17:26:20,221 | Mars.Core.Executor.Implementation.StepExecutionUseCase - Collection was modified; enumeration operation may not execute. 
[ERROR] 2023-01-05 17:26:20,222 | Mars.Core.Executor.Implementation.StepExecutionUseCase - Collection was modified; enumeration operation may not execute. 
[ERROR] 2023-01-05 17:26:20,223 | Mars.Core.Executor.Implementation.StepExecutionUseCase - Collection was modified; enumeration operation may not execute. 
[ERROR] 2023-01-05 17:26:20,224 | Mars.Core.Executor.Implementation.StepExecutionUseCase - Collection was modified; enumeration operation may not execute. 
[ERROR] 2023-01-05 17:26:20,225 | Mars.Core.Executor.Implementation.StepExecutionUseCase - Collection was modified; enumeration operation may not execute. 
[ERROR] 2023-01-05 17:26:20,226 | Mars.Core.Executor.Implementation.StepExecutionUseCase - Collection was modified; enumeration operation may not execute. 
[ERROR] 2023-01-05 17:26:20,227 | Mars.Core.Executor.Implementation.StepExecutionUseCase - Collection was modified; enumeration operation may not execute. 
[ERROR] 2023-01-05 17:26:20,227 | Mars.Core.Executor.Implementation.StepExecutionUseCase - Collection was modified; enumeration operation may not execute. 
[ERROR] 2023-01-05 17:26:20,229 | Mars.Core.Executor.Implementation.StepExecutionUseCase - Collection was modified; enumeration operation may not execute. 
[ERROR] 2023-01-05 17:26:20,230 | Mars.Core.Executor.Implementation.StepExecutionUseCase - Collection was modified; enumeration operation may not execute. 
[ERROR] 2023-01-05 17:26:20,231 | Mars.Core.Executor.Implementation.StepExecutionUseCase - Collection was modified; enumeration operation may not execute. 
[ERROR] 2023-01-05 17:26:20,232 | Mars.Core.Executor.Implementation.StepExecutionUseCase - Collection was modified; enumeration operation may not execute. 
[ERROR] 2023-01-05 17:26:20,233 | Mars.Core.Executor.Implementation.StepExecutionUseCase - Collection was modified; enumeration operation may not execute. 
[ERROR] 2023-01-05 17:26:20,234 | Mars.Core.Executor.Implementation.StepExecutionUseCase - Collection was modified; enumeration operation may not execute. 
[ERROR] 2023-01-05 17:26:20,234 | Mars.Core.Executor.Implementation.StepExecutionUseCase - Collection was modified; enumeration operation may not execute. 
[ERROR] 2023-01-05 17:26:20,235 | Mars.Core.Executor.Implementation.StepExecutionUseCase - Collection was modified; enumeration operation may not execute. 
[ERROR] 2023-01-05 17:26:20,236 | Mars.Core.Executor.Implementation.StepExecutionUseCase - Collection was modified; enumeration operation may not execute. 
[ERROR] 2023-01-05 17:26:20,237 | Mars.Core.Executor.Implementation.StepExecutionUseCase - Collection was modified; enumeration operation may not execute. 
[ERROR] 2023-01-05 17:26:20,238 | Mars.Core.Executor.Implementation.StepExecutionUseCase - Collection was modified; enumeration operation may not execute. 
[ERROR] 2023-01-05 17:26:20,239 | Mars.Core.Executor.Implementation.StepExecutionUseCase - Collection was modified; enumeration operation may not execute. 
[ERROR] 2023-01-05 17:26:20,239 | Mars.Core.Executor.Implementation.StepExecutionUseCase - Collection was modified; enumeration operation may not execute. 
[ERROR] 2023-01-05 17:26:20,240 | Mars.Core.Executor.Implementation.StepExecutionUseCase - Collection was modified; enumeration operation may not execute. 
[ERROR] 2023-01-05 17:26:20,241 | Mars.Core.Executor.Implementation.StepExecutionUseCase - Collection was modified; enumeration operation may not execute. 
[ERROR] 2023-01-05 17:26:20,242 | Mars.Core.Executor.Implementation.StepExecutionUseCase - Collection was modified; enumeration operation may not execute. 
[ERROR] 2023-01-05 17:26:20,243 | Mars.Core.Executor.Implementation.StepExecutionUseCase - Collection was modified; enumeration operation may not execute. 
[ERROR] 2023-01-05 17:26:20,244 | Mars.Core.Executor.Implementation.StepExecutionUseCase - Collection was modified; enumeration operation may not execute. 
[ERROR] 2023-01-05 17:26:20,244 | Mars.Core.Executor.Implementation.StepExecutionUseCase - Collection was modified; enumeration operation may not execute. 
[ERROR] 2023-01-05 17:26:20,245 | Mars.Core.Executor.Implementation.StepExecutionUseCase - Collection was modified; enumeration operation may not execute. 
[ERROR] 2023-01-05 17:26:20,246 | Mars.Core.Executor.Implementation.StepExecutionUseCase - Collection was modified; enumeration operation may not execute. 
[ERROR] 2023-01-05 17:26:20,247 | Mars.Core.Executor.Implementation.StepExecutionUseCase - Collection was modified; enumeration operation may not execute. 
[ERROR] 2023-01-05 17:26:20,249 | Mars.Core.Executor.Implementation.StepExecutionUseCase - Collection was modified; enumeration operation may not execute. 
[ERROR] 2023-01-05 17:26:20,250 | Mars.Core.Executor.Implementation.StepExecutionUseCase - Collection was modified; enumeration operation may not execute. 
[ERROR] 2023-01-05 17:26:20,251 | Mars.Core.Executor.Implementation.StepExecutionUseCase - Collection was modified; enumeration operation may not execute. 
[ERROR] 2023-01-05 18:04:37,373 | Mars.Core.Executor.Implementation.StepExecutionUseCase - Index was outside the bounds of the array. 
[ERROR] 2023-01-05 18:56:28,992 | Mars.Core.Executor.Implementation.StepExecutionUseCase - The process cannot access the file 'C:\Users\David D\Desktop\Wiedehopf\hoopoe_prediction\HoopoePrediction\HoopoePrediction\Resources\sh_results\result_2.asc' because it is being used by another process. 
[ERROR] 2023-01-05 19:03:08,505 | Mars.Core.Executor.Implementation.StepExecutionUseCase - The process cannot access the file 'C:\Users\David D\Desktop\Wiedehopf\hoopoe_prediction\HoopoePrediction\HoopoePrediction\Resources\sh_results\result_2.asc' because it is being used by another process. 
[ERROR] 2023-01-07 15:37:13,700 | Mars.Core.Executor.Implementation.StepExecutionUseCase - The process cannot access the file 'C:\Users\David D\Desktop\Wiedehopf\hoopoe_prediction\HoopoePrediction\HoopoePrediction\Resources\sh_results\result_2.asc' because it is being used by another process. 
[ERROR] 2023-01-07 15:54:47,579 | Mars.Core.Executor.Implementation.StepExecutionUseCase - The process cannot access the file 'C:\Users\David D\Desktop\Wiedehopf\hoopoe_prediction\HoopoePrediction\HoopoePrediction\Resources\sh_results\result_2.asc' because it is being used by another process. 
[ERROR] 2023-01-07 15:55:39,420 | Mars.Core.Executor.Implementation.StepExecutionUseCase - Could not find file 'C:\Users\David D\Desktop\Wiedehopf\hoopoe_prediction\HoopoePrediction\HoopoePrediction\Resources\sh_results\result_2.asc'. 
[ERROR] 2023-01-07 17:45:26,709 | Mars.Core.Executor.Implementation.StepExecutionUseCase - Could not find file 'C:\Users\David D\Desktop\Wiedehopf\hoopoe_prediction\HoopoePrediction\HoopoePrediction\Resources\sh_results\result_2.asc'. 
[ERROR] 2023-01-07 17:46:35,892 | Mars.Core.Executor.Implementation.StepExecutionUseCase - The process cannot access the file 'C:\Users\David D\Desktop\Wiedehopf\hoopoe_prediction\HoopoePrediction\HoopoePrediction\Resources\sh_results\result_2.asc' because it is being used by another process. 
[ERROR] 2023-01-08 20:17:53,932 | Mars.Core.Executor.Implementation.StepExecutionUseCase - Index was outside the bounds of the array. 
[ERROR] 2023-01-08 20:22:51,201 | Mars.Core.Executor.Implementation.StepExecutionUseCase - Index was outside the bounds of the array. 
[ERROR] 2023-01-08 20:27:49,566 | Mars.Core.Executor.Implementation.StepExecutionUseCase - Index was outside the bounds of the array. 
[ERROR] 2023-01-08 20:30:51,316 | Mars.Core.Executor.Implementation.StepExecutionUseCase - The process cannot access the file 'C:\Users\David D\Desktop\Wiedehopf\hoopoe_prediction\HoopoePrediction\HoopoePrediction\Resources\sh_results\result_3.asc' because it is being used by another process. 
[ERROR] 2023-01-08 20:33:53,127 | Mars.Core.Executor.Implementation.StepExecutionUseCase - The process cannot access the file 'C:\Users\David D\Desktop\Wiedehopf\hoopoe_prediction\HoopoePrediction\HoopoePrediction\Resources\sh_results\result_3.asc' because it is being used by another process. 
